<?xml version="1.0" encoding="UTF-8"?>
<!-- Generated by org.testng.reporters.JUnitXMLReporter -->
<testsuite ignored="0" hostname="LAPTOP-6U1REMNB" failures="1" tests="6" name="Automation Test" time="21.928" errors="0" timestamp="2026-04-28T09:17:03 IST">
  <testcase classname="com.ui.tests.InvalidCredsLoginTest" name="loginExcelTest" time="0.847"/>
  <testcase classname="com.ui.tests.LoginTest" name="loginExcelTest" time="0.959"/>
  <testcase classname="com.ui.tests.SearchProductsTest" name="verifyProductSearch" time="0.649">
    <skipped/>
  </testcase> <!-- verifyProductSearch -->
  <testcase classname="com.ui.tests.LoginTest" name="loginExcelTest" time="0.97"/>
  <testcase classname="com.ui.tests.SearchProductsTest" name="verifyProductSearch" time="0.615">
    <skipped/>
  </testcase> <!-- verifyProductSearch -->
  <testcase classname="com.ui.tests.SearchProductsTest" name="verifyProductSearch" time="0.439">
    <failure type="java.lang.AssertionError" message="expected [PRINTED SUMMER DRESS1] but found [&amp;quot;PRINTED SUMMER DRESS&amp;quot;]">
      <![CDATA[java.lang.AssertionError: expected [PRINTED SUMMER DRESS1] but found ["PRINTED SUMMER DRESS"]
at com.ui.tests.SearchProductsTest.verifyProductSearch(SearchProductsTest.java:26)
at java.base/java.util.concurrent.Executors$RunnableAdapter.call(Executors.java:545)
at java.base/java.util.concurrent.FutureTask.run(FutureTask.java:328)
at java.base/java.util.concurrent.ThreadPoolExecutor.runWorker(ThreadPoolExecutor.java:1090)
at java.base/java.util.concurrent.ThreadPoolExecutor$Worker.run(ThreadPoolExecutor.java:614)
at java.base/java.lang.Thread.run(Thread.java:1474)
... Removed 17 stack frames]]>
    </failure>
  </testcase> <!-- verifyProductSearch -->
</testsuite> <!-- Automation Test -->
