<?xml version="1.0" encoding="UTF-8"?>
<!-- Generated by org.testng.reporters.JUnitXMLReporter -->
<testsuite ignored="1" hostname="LAPTOP-6U1REMNB" failures="0" tests="1" name="Default test(failed)" time="4.141" errors="0" timestamp="2026-04-22T08:50:52 IST">
  <testcase classname="com.ui.tests.LoginPageTest" name="clickSignIn" time="0.918"/>
  <testcase classname="com.ui.tests.LoginPageTest" name="loginTest" time="0.0">
    <ignored/>
  </testcase> <!-- loginTest -->
</testsuite> <!-- Default test(failed) -->
