<?xml version="1.0" encoding="UTF-8"?>
<!-- Generated by org.testng.reporters.JUnitXMLReporter -->
<testsuite ignored="0" hostname="LAPTOP-6U1REMNB" failures="1" tests="1" name="Login Test" time="0.039" errors="0" timestamp="2026-04-22T17:25:22 IST">
  <testcase classname="com.ui.tests.LoginTest" name="loginTest" time="0.007">
    <failure type="java.lang.NullPointerException" message="Cannot invoke &amp;quot;com.ui.pages.HomePage.goToLoginPage()&amp;quot; because &amp;quot;this.homePage&amp;quot; is null">
      <![CDATA[java.lang.NullPointerException: Cannot invoke "com.ui.pages.HomePage.goToLoginPage()" because "this.homePage" is null
at com.ui.tests.LoginTest.loginTest(LoginTest.java:25)
at java.base/java.util.ArrayList.forEach(ArrayList.java:1596)
... Removed 25 stack frames]]>
    </failure>
  </testcase> <!-- loginTest -->
</testsuite> <!-- Login Test -->
