<?xml version="1.0" encoding="UTF-8"?>
<testng-results retried="2" ignored="0" total="6" passed="3" failed="1" skipped="0">
  <reporter-output>
  </reporter-output>
  <suite started-at="2026-04-28T09:16:41 IST" name="Automation Suite" finished-at="2026-04-28T09:17:03 IST" duration-ms="21928">
    <groups>
      <group name="smoke">
        <method signature="InvalidCredsLoginTest.loginExcelTest()[pri:0, instance:com.ui.tests.InvalidCredsLoginTest@7e4204e2]" name="loginExcelTest" class="com.ui.tests.InvalidCredsLoginTest"/>
        <method signature="LoginTest.loginExcelTest(com.ui.pojo.Users)[pri:0, instance:com.ui.tests.LoginTest@e70f13a]" name="loginExcelTest" class="com.ui.tests.LoginTest"/>
        <method signature="SearchProductsTest.verifyProductSearch()[pri:0, instance:com.ui.tests.SearchProductsTest@740d2e78]" name="verifyProductSearch" class="com.ui.tests.SearchProductsTest"/>
      </group> <!-- smoke -->
      <group name="sanity">
        <method signature="InvalidCredsLoginTest.loginExcelTest()[pri:0, instance:com.ui.tests.InvalidCredsLoginTest@7e4204e2]" name="loginExcelTest" class="com.ui.tests.InvalidCredsLoginTest"/>
      </group> <!-- sanity -->
      <group name="e2e">
        <method signature="InvalidCredsLoginTest.loginExcelTest()[pri:0, instance:com.ui.tests.InvalidCredsLoginTest@7e4204e2]" name="loginExcelTest" class="com.ui.tests.InvalidCredsLoginTest"/>
        <method signature="LoginTest.loginExcelTest(com.ui.pojo.Users)[pri:0, instance:com.ui.tests.LoginTest@e70f13a]" name="loginExcelTest" class="com.ui.tests.LoginTest"/>
        <method signature="SearchProductsTest.verifyProductSearch()[pri:0, instance:com.ui.tests.SearchProductsTest@740d2e78]" name="verifyProductSearch" class="com.ui.tests.SearchProductsTest"/>
      </group> <!-- e2e -->
    </groups>
    <test started-at="2026-04-28T09:16:41 IST" name="Automation Test" finished-at="2026-04-28T09:17:03 IST" duration-ms="21928">
      <class name="com.ui.tests.SearchProductsTest">
        <test-method is-config="true" signature="setUp(java.lang.String,boolean,boolean,org.testng.ITestResult)[pri:0, instance:com.ui.tests.SearchProductsTest@740d2e78]" started-at="2026-04-28T09:16:42 IST" name="setUp" description="Loads the Home Page of the Website" finished-at="2026-04-28T09:16:51 IST" duration-ms="9780" status="PASS">
          <params>
            <param index="0">
              <value>
                <![CDATA[chrome]]>
              </value>
            </param>
            <param index="1">
              <value>
                <![CDATA[false]]>
              </value>
            </param>
            <param index="2">
              <value>
                <![CDATA[true]]>
              </value>
            </param>
            <param index="3">
              <value>
                <![CDATA[[TestResult name={null} status=CREATED method=SearchProductsTest.verifyProductSearch()[pri:0, instance:com.ui.tests.SearchProductsTest@740d2e78] output={null}]]]>
              </value>
            </param>
          </params>
          <reporter-output>
          </reporter-output>
        </test-method> <!-- setUp -->
        <test-method is-config="true" signature="setUp()[pri:0, instance:com.ui.tests.SearchProductsTest@740d2e78]" started-at="2026-04-28T09:16:51 IST" name="setUp" description="Valid user logs into the application" finished-at="2026-04-28T09:16:53 IST" duration-ms="1274" status="PASS">
          <reporter-output>
          </reporter-output>
        </test-method> <!-- setUp -->
        <test-method retried="true" signature="verifyProductSearch()[pri:0, instance:com.ui.tests.SearchProductsTest@740d2e78]" started-at="2026-04-28T09:16:53 IST" name="verifyProductSearch" description="Verify loged in user able to search for a product and correct products serach are displayed" finished-at="2026-04-28T09:16:53 IST" duration-ms="649" status="SKIP">
          <exception class="java.lang.AssertionError">
            <message>
              <![CDATA[expected [PRINTED SUMMER DRESS1] but found ["PRINTED SUMMER DRESS"]]]>
            </message>
            <full-stacktrace>
              <![CDATA[java.lang.AssertionError: expected [PRINTED SUMMER DRESS1] but found ["PRINTED SUMMER DRESS"]
at org.testng.Assert.fail(Assert.java:111)
at org.testng.Assert.failNotEquals(Assert.java:1590)
at org.testng.Assert.assertEqualsImpl(Assert.java:150)
at org.testng.Assert.assertEquals(Assert.java:132)
at org.testng.Assert.assertEquals(Assert.java:656)
at org.testng.Assert.assertEquals(Assert.java:666)
at com.ui.tests.SearchProductsTest.verifyProductSearch(SearchProductsTest.java:26)
at java.base/jdk.internal.reflect.DirectMethodHandleAccessor.invoke(DirectMethodHandleAccessor.java:104)
at java.base/java.lang.reflect.Method.invoke(Method.java:565)
at org.testng.internal.invokers.MethodInvocationHelper.invokeMethod(MethodInvocationHelper.java:141)
at org.testng.internal.invokers.TestInvoker.invokeMethod(TestInvoker.java:697)
at org.testng.internal.invokers.TestInvoker.invokeTestMethod(TestInvoker.java:230)
at org.testng.internal.invokers.MethodRunner.runInSequence(MethodRunner.java:63)
at org.testng.internal.invokers.TestInvoker$MethodInvocationAgent.invoke(TestInvoker.java:1005)
at org.testng.internal.invokers.TestInvoker.invokeTestMethods(TestInvoker.java:203)
at org.testng.internal.invokers.TestMethodWorker.invokeTestMethods(TestMethodWorker.java:154)
at org.testng.internal.invokers.TestMethodWorker.run(TestMethodWorker.java:134)
at java.base/java.util.concurrent.Executors$RunnableAdapter.call(Executors.java:545)
at java.base/java.util.concurrent.FutureTask.run(FutureTask.java:328)
at org.testng.internal.thread.graph.TestNGFutureTask.run(TestNGFutureTask.java:22)
at java.base/java.util.concurrent.ThreadPoolExecutor.runWorker(ThreadPoolExecutor.java:1090)
at java.base/java.util.concurrent.ThreadPoolExecutor$Worker.run(ThreadPoolExecutor.java:614)
at java.base/java.lang.Thread.run(Thread.java:1474)
]]>
            </full-stacktrace>
          </exception> <!-- java.lang.AssertionError -->
          <reporter-output>
          </reporter-output>
        </test-method> <!-- verifyProductSearch -->
        <test-method is-config="true" signature="tearDown()[pri:0, instance:com.ui.tests.SearchProductsTest@740d2e78]" started-at="2026-04-28T09:16:53 IST" name="tearDown" description="Tear down the browser" finished-at="2026-04-28T09:16:53 IST" duration-ms="108" status="PASS">
          <reporter-output>
          </reporter-output>
        </test-method> <!-- tearDown -->
        <test-method is-config="true" signature="setUp(java.lang.String,boolean,boolean,org.testng.ITestResult)[pri:0, instance:com.ui.tests.SearchProductsTest@740d2e78]" started-at="2026-04-28T09:16:53 IST" name="setUp" description="Loads the Home Page of the Website" finished-at="2026-04-28T09:16:57 IST" duration-ms="3876" status="PASS">
          <params>
            <param index="0">
              <value>
                <![CDATA[chrome]]>
              </value>
            </param>
            <param index="1">
              <value>
                <![CDATA[false]]>
              </value>
            </param>
            <param index="2">
              <value>
                <![CDATA[true]]>
              </value>
            </param>
            <param index="3">
              <value>
                <![CDATA[[TestResult name={null} status=CREATED method=SearchProductsTest.verifyProductSearch()[pri:0, instance:com.ui.tests.SearchProductsTest@740d2e78] output={null}]]]>
              </value>
            </param>
          </params>
          <reporter-output>
          </reporter-output>
        </test-method> <!-- setUp -->
        <test-method is-config="true" signature="setUp()[pri:0, instance:com.ui.tests.SearchProductsTest@740d2e78]" started-at="2026-04-28T09:16:57 IST" name="setUp" description="Valid user logs into the application" finished-at="2026-04-28T09:16:58 IST" duration-ms="916" status="PASS">
          <reporter-output>
          </reporter-output>
        </test-method> <!-- setUp -->
        <test-method retried="true" signature="verifyProductSearch()[pri:0, instance:com.ui.tests.SearchProductsTest@740d2e78]" started-at="2026-04-28T09:16:58 IST" name="verifyProductSearch" description="Verify loged in user able to search for a product and correct products serach are displayed" finished-at="2026-04-28T09:16:59 IST" duration-ms="615" status="SKIP">
          <exception class="java.lang.AssertionError">
            <message>
              <![CDATA[expected [PRINTED SUMMER DRESS1] but found ["PRINTED SUMMER DRESS"]]]>
            </message>
            <full-stacktrace>
              <![CDATA[java.lang.AssertionError: expected [PRINTED SUMMER DRESS1] but found ["PRINTED SUMMER DRESS"]
at org.testng.Assert.fail(Assert.java:111)
at org.testng.Assert.failNotEquals(Assert.java:1590)
at org.testng.Assert.assertEqualsImpl(Assert.java:150)
at org.testng.Assert.assertEquals(Assert.java:132)
at org.testng.Assert.assertEquals(Assert.java:656)
at org.testng.Assert.assertEquals(Assert.java:666)
at com.ui.tests.SearchProductsTest.verifyProductSearch(SearchProductsTest.java:26)
at java.base/jdk.internal.reflect.DirectMethodHandleAccessor.invoke(DirectMethodHandleAccessor.java:104)
at java.base/java.lang.reflect.Method.invoke(Method.java:565)
at org.testng.internal.invokers.MethodInvocationHelper.invokeMethod(MethodInvocationHelper.java:141)
at org.testng.internal.invokers.TestInvoker.invokeMethod(TestInvoker.java:697)
at org.testng.internal.invokers.TestInvoker.retryFailed(TestInvoker.java:280)
at org.testng.internal.invokers.MethodRunner.runInSequence(MethodRunner.java:76)
at org.testng.internal.invokers.TestInvoker$MethodInvocationAgent.invoke(TestInvoker.java:1005)
at org.testng.internal.invokers.TestInvoker.invokeTestMethods(TestInvoker.java:203)
at org.testng.internal.invokers.TestMethodWorker.invokeTestMethods(TestMethodWorker.java:154)
at org.testng.internal.invokers.TestMethodWorker.run(TestMethodWorker.java:134)
at java.base/java.util.concurrent.Executors$RunnableAdapter.call(Executors.java:545)
at java.base/java.util.concurrent.FutureTask.run(FutureTask.java:328)
at org.testng.internal.thread.graph.TestNGFutureTask.run(TestNGFutureTask.java:22)
at java.base/java.util.concurrent.ThreadPoolExecutor.runWorker(ThreadPoolExecutor.java:1090)
at java.base/java.util.concurrent.ThreadPoolExecutor$Worker.run(ThreadPoolExecutor.java:614)
at java.base/java.lang.Thread.run(Thread.java:1474)
]]>
            </full-stacktrace>
          </exception> <!-- java.lang.AssertionError -->
          <reporter-output>
          </reporter-output>
        </test-method> <!-- verifyProductSearch -->
        <test-method is-config="true" signature="tearDown()[pri:0, instance:com.ui.tests.SearchProductsTest@740d2e78]" started-at="2026-04-28T09:16:59 IST" name="tearDown" description="Tear down the browser" finished-at="2026-04-28T09:16:59 IST" duration-ms="315" status="PASS">
          <reporter-output>
          </reporter-output>
        </test-method> <!-- tearDown -->
        <test-method is-config="true" signature="setUp(java.lang.String,boolean,boolean,org.testng.ITestResult)[pri:0, instance:com.ui.tests.SearchProductsTest@740d2e78]" started-at="2026-04-28T09:16:59 IST" name="setUp" description="Loads the Home Page of the Website" finished-at="2026-04-28T09:17:02 IST" duration-ms="2750" status="PASS">
          <params>
            <param index="0">
              <value>
                <![CDATA[chrome]]>
              </value>
            </param>
            <param index="1">
              <value>
                <![CDATA[false]]>
              </value>
            </param>
            <param index="2">
              <value>
                <![CDATA[true]]>
              </value>
            </param>
            <param index="3">
              <value>
                <![CDATA[[TestResult name={null} status=CREATED method=SearchProductsTest.verifyProductSearch()[pri:0, instance:com.ui.tests.SearchProductsTest@740d2e78] output={null}]]]>
              </value>
            </param>
          </params>
          <reporter-output>
          </reporter-output>
        </test-method> <!-- setUp -->
        <test-method is-config="true" signature="setUp()[pri:0, instance:com.ui.tests.SearchProductsTest@740d2e78]" started-at="2026-04-28T09:17:02 IST" name="setUp" description="Valid user logs into the application" finished-at="2026-04-28T09:17:03 IST" duration-ms="862" status="PASS">
          <reporter-output>
          </reporter-output>
        </test-method> <!-- setUp -->
        <test-method signature="verifyProductSearch()[pri:0, instance:com.ui.tests.SearchProductsTest@740d2e78]" started-at="2026-04-28T09:17:03 IST" name="verifyProductSearch" description="Verify loged in user able to search for a product and correct products serach are displayed" finished-at="2026-04-28T09:17:03 IST" duration-ms="439" status="FAIL">
          <exception class="java.lang.AssertionError">
            <message>
              <![CDATA[expected [PRINTED SUMMER DRESS1] but found ["PRINTED SUMMER DRESS"]]]>
            </message>
            <full-stacktrace>
              <![CDATA[java.lang.AssertionError: expected [PRINTED SUMMER DRESS1] but found ["PRINTED SUMMER DRESS"]
at org.testng.Assert.fail(Assert.java:111)
at org.testng.Assert.failNotEquals(Assert.java:1590)
at org.testng.Assert.assertEqualsImpl(Assert.java:150)
at org.testng.Assert.assertEquals(Assert.java:132)
at org.testng.Assert.assertEquals(Assert.java:656)
at org.testng.Assert.assertEquals(Assert.java:666)
at com.ui.tests.SearchProductsTest.verifyProductSearch(SearchProductsTest.java:26)
at java.base/jdk.internal.reflect.DirectMethodHandleAccessor.invoke(DirectMethodHandleAccessor.java:104)
at java.base/java.lang.reflect.Method.invoke(Method.java:565)
at org.testng.internal.invokers.MethodInvocationHelper.invokeMethod(MethodInvocationHelper.java:141)
at org.testng.internal.invokers.TestInvoker.invokeMethod(TestInvoker.java:697)
at org.testng.internal.invokers.TestInvoker.retryFailed(TestInvoker.java:280)
at org.testng.internal.invokers.MethodRunner.runInSequence(MethodRunner.java:76)
at org.testng.internal.invokers.TestInvoker$MethodInvocationAgent.invoke(TestInvoker.java:1005)
at org.testng.internal.invokers.TestInvoker.invokeTestMethods(TestInvoker.java:203)
at org.testng.internal.invokers.TestMethodWorker.invokeTestMethods(TestMethodWorker.java:154)
at org.testng.internal.invokers.TestMethodWorker.run(TestMethodWorker.java:134)
at java.base/java.util.concurrent.Executors$RunnableAdapter.call(Executors.java:545)
at java.base/java.util.concurrent.FutureTask.run(FutureTask.java:328)
at org.testng.internal.thread.graph.TestNGFutureTask.run(TestNGFutureTask.java:22)
at java.base/java.util.concurrent.ThreadPoolExecutor.runWorker(ThreadPoolExecutor.java:1090)
at java.base/java.util.concurrent.ThreadPoolExecutor$Worker.run(ThreadPoolExecutor.java:614)
at java.base/java.lang.Thread.run(Thread.java:1474)
]]>
            </full-stacktrace>
          </exception> <!-- java.lang.AssertionError -->
          <reporter-output>
          </reporter-output>
        </test-method> <!-- verifyProductSearch -->
        <test-method is-config="true" signature="tearDown()[pri:0, instance:com.ui.tests.SearchProductsTest@740d2e78]" started-at="2026-04-28T09:17:03 IST" name="tearDown" description="Tear down the browser" finished-at="2026-04-28T09:17:03 IST" duration-ms="173" status="PASS">
          <reporter-output>
          </reporter-output>
        </test-method> <!-- tearDown -->
      </class> <!-- com.ui.tests.SearchProductsTest -->
      <class name="com.ui.tests.InvalidCredsLoginTest">
        <test-method is-config="true" signature="setUp(java.lang.String,boolean,boolean,org.testng.ITestResult)[pri:0, instance:com.ui.tests.InvalidCredsLoginTest@7e4204e2]" started-at="2026-04-28T09:16:42 IST" name="setUp" description="Loads the Home Page of the Website" finished-at="2026-04-28T09:16:47 IST" duration-ms="5887" status="PASS">
          <params>
            <param index="0">
              <value>
                <![CDATA[chrome]]>
              </value>
            </param>
            <param index="1">
              <value>
                <![CDATA[false]]>
              </value>
            </param>
            <param index="2">
              <value>
                <![CDATA[true]]>
              </value>
            </param>
            <param index="3">
              <value>
                <![CDATA[[TestResult name={null} status=CREATED method=InvalidCredsLoginTest.loginExcelTest()[pri:0, instance:com.ui.tests.InvalidCredsLoginTest@7e4204e2] output={null}]]]>
              </value>
            </param>
          </params>
          <reporter-output>
          </reporter-output>
        </test-method> <!-- setUp -->
        <test-method signature="loginExcelTest()[pri:0, instance:com.ui.tests.InvalidCredsLoginTest@7e4204e2]" started-at="2026-04-28T09:16:47 IST" name="loginExcelTest" description="Verify Invalid user able to login to the application using excel" finished-at="2026-04-28T09:16:48 IST" duration-ms="847" status="PASS">
          <reporter-output>
          </reporter-output>
        </test-method> <!-- loginExcelTest -->
        <test-method is-config="true" signature="tearDown()[pri:0, instance:com.ui.tests.InvalidCredsLoginTest@7e4204e2]" started-at="2026-04-28T09:16:48 IST" name="tearDown" description="Tear down the browser" finished-at="2026-04-28T09:16:49 IST" duration-ms="264" status="PASS">
          <reporter-output>
          </reporter-output>
        </test-method> <!-- tearDown -->
      </class> <!-- com.ui.tests.InvalidCredsLoginTest -->
      <class name="com.ui.tests.LoginTest">
        <test-method is-config="true" signature="setUp(java.lang.String,boolean,boolean,org.testng.ITestResult)[pri:0, instance:com.ui.tests.LoginTest@e70f13a]" started-at="2026-04-28T09:16:42 IST" name="setUp" description="Loads the Home Page of the Website" finished-at="2026-04-28T09:16:52 IST" duration-ms="9842" status="PASS">
          <params>
            <param index="0">
              <value>
                <![CDATA[chrome]]>
              </value>
            </param>
            <param index="1">
              <value>
                <![CDATA[false]]>
              </value>
            </param>
            <param index="2">
              <value>
                <![CDATA[true]]>
              </value>
            </param>
            <param index="3">
              <value>
                <![CDATA[[TestResult name={null} status=CREATED method=LoginTest.loginExcelTest(com.ui.pojo.Users)[pri:0, instance:com.ui.tests.LoginTest@e70f13a] output={null}]]]>
              </value>
            </param>
          </params>
          <reporter-output>
          </reporter-output>
        </test-method> <!-- setUp -->
        <test-method signature="loginExcelTest(com.ui.pojo.Users)[pri:0, instance:com.ui.tests.LoginTest@e70f13a]" started-at="2026-04-28T09:16:52 IST" name="loginExcelTest" description="Verify valid user able to login to the application using excel" data-provider="loginTestExcelDataProvider" finished-at="2026-04-28T09:16:53 IST" duration-ms="959" status="PASS">
          <params>
            <param index="0">
              <value>
                <![CDATA[Users [email=yatese2929@mugstock.com, password=nithin@123]]]>
              </value>
            </param>
          </params>
          <reporter-output>
          </reporter-output>
        </test-method> <!-- loginExcelTest -->
        <test-method is-config="true" signature="tearDown()[pri:0, instance:com.ui.tests.LoginTest@e70f13a]" started-at="2026-04-28T09:16:53 IST" name="tearDown" description="Tear down the browser" finished-at="2026-04-28T09:16:53 IST" duration-ms="230" status="PASS">
          <reporter-output>
          </reporter-output>
        </test-method> <!-- tearDown -->
        <test-method is-config="true" signature="setUp(java.lang.String,boolean,boolean,org.testng.ITestResult)[pri:0, instance:com.ui.tests.LoginTest@e70f13a]" started-at="2026-04-28T09:16:53 IST" name="setUp" description="Loads the Home Page of the Website" finished-at="2026-04-28T09:16:57 IST" duration-ms="4052" status="PASS">
          <params>
            <param index="0">
              <value>
                <![CDATA[chrome]]>
              </value>
            </param>
            <param index="1">
              <value>
                <![CDATA[false]]>
              </value>
            </param>
            <param index="2">
              <value>
                <![CDATA[true]]>
              </value>
            </param>
            <param index="3">
              <value>
                <![CDATA[[TestResult name={null} status=CREATED method=LoginTest.loginExcelTest(com.ui.pojo.Users)[pri:0, instance:com.ui.tests.LoginTest@e70f13a] output={null}]]]>
              </value>
            </param>
          </params>
          <reporter-output>
          </reporter-output>
        </test-method> <!-- setUp -->
        <test-method signature="loginExcelTest(com.ui.pojo.Users)[pri:0, instance:com.ui.tests.LoginTest@e70f13a]" started-at="2026-04-28T09:16:57 IST" name="loginExcelTest" description="Verify valid user able to login to the application using excel" data-provider="loginTestExcelDataProvider" finished-at="2026-04-28T09:16:58 IST" duration-ms="970" status="PASS">
          <params>
            <param index="0">
              <value>
                <![CDATA[Users [email=yatese2929@mugstock.com, password=nithin@123]]]>
              </value>
            </param>
          </params>
          <reporter-output>
          </reporter-output>
        </test-method> <!-- loginExcelTest -->
        <test-method is-config="true" signature="tearDown()[pri:0, instance:com.ui.tests.LoginTest@e70f13a]" started-at="2026-04-28T09:16:58 IST" name="tearDown" description="Tear down the browser" finished-at="2026-04-28T09:16:59 IST" duration-ms="566" status="PASS">
          <reporter-output>
          </reporter-output>
        </test-method> <!-- tearDown -->
      </class> <!-- com.ui.tests.LoginTest -->
    </test> <!-- Automation Test -->
  </suite> <!-- Automation Suite -->
</testng-results>
