<?xml version="1.0" encoding="UTF-8"?>
<testng-results ignored="0" total="6" passed="5" failed="1" skipped="0">
  <reporter-output>
  </reporter-output>
  <suite started-at="2026-05-02T14:52:04 IST" name="Automation Suite" finished-at="2026-05-02T14:52:26 IST" duration-ms="22217">
    <groups>
      <group name="smoke">
        <method signature="InvalidCredsLoginTest.loginExcelTest()[pri:0, instance:com.ui.tests.InvalidCredsLoginTest@3a4621bd]" name="loginExcelTest" class="com.ui.tests.InvalidCredsLoginTest"/>
        <method signature="LoginTest.loginExcelTest(com.ui.pojo.Users)[pri:0, instance:com.ui.tests.LoginTest@7a1234bf]" name="loginExcelTest" class="com.ui.tests.LoginTest"/>
        <method signature="ProductCheckOutTest.checkOutTest()[pri:0, instance:com.ui.tests.ProductCheckOutTest@5e4bd84a]" name="checkOutTest" class="com.ui.tests.ProductCheckOutTest"/>
        <method signature="SearchProductsTest.verifyProductSearch()[pri:0, instance:com.ui.tests.SearchProductsTest@4ed5eb72]" name="verifyProductSearch" class="com.ui.tests.SearchProductsTest"/>
      </group> <!-- smoke -->
      <group name="sanity">
        <method signature="InvalidCredsLoginTest.loginExcelTest()[pri:0, instance:com.ui.tests.InvalidCredsLoginTest@3a4621bd]" name="loginExcelTest" class="com.ui.tests.InvalidCredsLoginTest"/>
        <method signature="ProductCheckOutTest.checkOutTest()[pri:0, instance:com.ui.tests.ProductCheckOutTest@5e4bd84a]" name="checkOutTest" class="com.ui.tests.ProductCheckOutTest"/>
      </group> <!-- sanity -->
      <group name="e2e">
        <method signature="InvalidCredsLoginTest.loginExcelTest()[pri:0, instance:com.ui.tests.InvalidCredsLoginTest@3a4621bd]" name="loginExcelTest" class="com.ui.tests.InvalidCredsLoginTest"/>
        <method signature="LoginTest.loginExcelTest(com.ui.pojo.Users)[pri:0, instance:com.ui.tests.LoginTest@7a1234bf]" name="loginExcelTest" class="com.ui.tests.LoginTest"/>
        <method signature="ProductCheckOutTest.checkOutTest()[pri:0, instance:com.ui.tests.ProductCheckOutTest@5e4bd84a]" name="checkOutTest" class="com.ui.tests.ProductCheckOutTest"/>
        <method signature="SearchProductsTest.verifyProductSearch()[pri:0, instance:com.ui.tests.SearchProductsTest@4ed5eb72]" name="verifyProductSearch" class="com.ui.tests.SearchProductsTest"/>
      </group> <!-- e2e -->
    </groups>
    <test started-at="2026-05-02T14:52:04 IST" name="Automation Test" finished-at="2026-05-02T14:52:26 IST" duration-ms="22217">
      <class name="com.ui.tests.ProductCheckOutTest">
        <test-method is-config="true" signature="setUp(java.lang.String,boolean,boolean,org.testng.ITestResult)[pri:0, instance:com.ui.tests.ProductCheckOutTest@5e4bd84a]" started-at="2026-05-02T14:52:04 IST" name="setUp" description="Loads the Home Page of the Website" finished-at="2026-05-02T14:52:09 IST" duration-ms="5285" status="PASS">
          <params>
            <param index="0">
              <value>
                <![CDATA[chrome]]>
              </value>
            </param>
            <param index="1">
              <value>
                <![CDATA[false]]>
              </value>
            </param>
            <param index="2">
              <value>
                <![CDATA[true]]>
              </value>
            </param>
            <param index="3">
              <value>
                <![CDATA[[TestResult name={null} status=CREATED method=ProductCheckOutTest.checkOutTest()[pri:0, instance:com.ui.tests.ProductCheckOutTest@5e4bd84a] output={null}]]]>
              </value>
            </param>
          </params>
          <reporter-output>
          </reporter-output>
        </test-method> <!-- setUp -->
        <test-method is-config="true" signature="setUp()[pri:0, instance:com.ui.tests.ProductCheckOutTest@5e4bd84a]" started-at="2026-05-02T14:52:09 IST" name="setUp" description="Valid user logs into the application and searches for a product" finished-at="2026-05-02T14:52:11 IST" duration-ms="1446" status="PASS">
          <reporter-output>
          </reporter-output>
        </test-method> <!-- setUp -->
        <test-method signature="checkOutTest()[pri:0, instance:com.ui.tests.ProductCheckOutTest@5e4bd84a]" started-at="2026-05-02T14:52:11 IST" name="checkOutTest" description="Verify a logged in user able to buy a dress" finished-at="2026-05-02T14:52:14 IST" duration-ms="3393" status="PASS">
          <reporter-output>
          </reporter-output>
        </test-method> <!-- checkOutTest -->
        <test-method is-config="true" signature="tearDown()[pri:0, instance:com.ui.tests.ProductCheckOutTest@5e4bd84a]" started-at="2026-05-02T14:52:14 IST" name="tearDown" description="Tear down the browser" finished-at="2026-05-02T14:52:15 IST" duration-ms="563" status="PASS">
          <reporter-output>
          </reporter-output>
        </test-method> <!-- tearDown -->
      </class> <!-- com.ui.tests.ProductCheckOutTest -->
      <class name="com.ui.tests.SearchProductsTest">
        <test-method is-config="true" signature="setUp(java.lang.String,boolean,boolean,org.testng.ITestResult)[pri:0, instance:com.ui.tests.SearchProductsTest@4ed5eb72]" started-at="2026-05-02T14:52:04 IST" name="setUp" description="Loads the Home Page of the Website" finished-at="2026-05-02T14:52:08 IST" duration-ms="4048" status="PASS">
          <params>
            <param index="0">
              <value>
                <![CDATA[chrome]]>
              </value>
            </param>
            <param index="1">
              <value>
                <![CDATA[false]]>
              </value>
            </param>
            <param index="2">
              <value>
                <![CDATA[true]]>
              </value>
            </param>
            <param index="3">
              <value>
                <![CDATA[[TestResult name={null} status=CREATED method=SearchProductsTest.verifyProductSearch()[pri:0, instance:com.ui.tests.SearchProductsTest@4ed5eb72] output={null}]]]>
              </value>
            </param>
          </params>
          <reporter-output>
          </reporter-output>
        </test-method> <!-- setUp -->
        <test-method is-config="true" signature="setUp()[pri:0, instance:com.ui.tests.SearchProductsTest@4ed5eb72]" started-at="2026-05-02T14:52:08 IST" name="setUp" description="Valid user logs into the application" finished-at="2026-05-02T14:52:10 IST" duration-ms="1339" status="PASS">
          <reporter-output>
          </reporter-output>
        </test-method> <!-- setUp -->
        <test-method signature="verifyProductSearch()[pri:0, instance:com.ui.tests.SearchProductsTest@4ed5eb72]" started-at="2026-05-02T14:52:10 IST" name="verifyProductSearch" description="Verify loged in user able to search for a product and correct products serach are displayed" finished-at="2026-05-02T14:52:10 IST" duration-ms="898" status="PASS">
          <reporter-output>
          </reporter-output>
        </test-method> <!-- verifyProductSearch -->
        <test-method is-config="true" signature="tearDown()[pri:0, instance:com.ui.tests.SearchProductsTest@4ed5eb72]" started-at="2026-05-02T14:52:10 IST" name="tearDown" description="Tear down the browser" finished-at="2026-05-02T14:52:12 IST" duration-ms="1544" status="PASS">
          <reporter-output>
          </reporter-output>
        </test-method> <!-- tearDown -->
      </class> <!-- com.ui.tests.SearchProductsTest -->
      <class name="com.ui.tests.AddNewFirstAddressTest">
        <test-method is-config="true" signature="setUp(java.lang.String,boolean,boolean,org.testng.ITestResult)[pri:0, instance:com.ui.tests.AddNewFirstAddressTest@1b7c473a]" started-at="2026-05-02T14:52:04 IST" name="setUp" description="Loads the Home Page of the Website" finished-at="2026-05-02T14:52:08 IST" duration-ms="4030" status="PASS">
          <params>
            <param index="0">
              <value>
                <![CDATA[chrome]]>
              </value>
            </param>
            <param index="1">
              <value>
                <![CDATA[false]]>
              </value>
            </param>
            <param index="2">
              <value>
                <![CDATA[true]]>
              </value>
            </param>
            <param index="3">
              <value>
                <![CDATA[[TestResult name={null} status=CREATED method=AddNewFirstAddressTest.addNewAdress()[pri:0, instance:com.ui.tests.AddNewFirstAddressTest@1b7c473a] output={null}]]]>
              </value>
            </param>
          </params>
          <reporter-output>
          </reporter-output>
        </test-method> <!-- setUp -->
        <test-method is-config="true" signature="setUp()[pri:0, instance:com.ui.tests.AddNewFirstAddressTest@1b7c473a]" started-at="2026-05-02T14:52:08 IST" name="setUp" description="Valid user logs into the application" finished-at="2026-05-02T14:52:11 IST" duration-ms="2576" status="PASS">
          <reporter-output>
          </reporter-output>
        </test-method> <!-- setUp -->
        <test-method signature="addNewAdress()[pri:0, instance:com.ui.tests.AddNewFirstAddressTest@1b7c473a]" started-at="2026-05-02T14:52:11 IST" name="addNewAdress" finished-at="2026-05-02T14:52:26 IST" duration-ms="15178" status="FAIL">
          <exception class="org.openqa.selenium.TimeoutException">
            <message>
              <![CDATA[Expected condition failed: waiting for element found by By.xpath: //a[@title='Add my first address'] to be clickable, but the element was not found: org.openqa.selenium.NoSuchElementException: no such element: Unable to locate element: {"method":"xpath","selector":"//a[@title='Add my first address']"}.
(tried for 15 seconds with 500 milliseconds interval)
Build info: version: '4.43.0', revision: 'dd0f534'
System info: os.name: 'Windows 11', os.arch: 'amd64', os.version: '10.0', java.version: '25'
Driver info: org.openqa.selenium.chrome.ChromeDriver
Capabilities {acceptInsecureCerts: false, browserName: chrome, browserVersion: 147.0.7727.138, chrome: {chromedriverVersion: 147.0.7727.117 (474cc805edd..., userDataDir: C:\Users\nithi\AppData\Loca...}, fedcm:accounts: true, goog:chromeOptions: {debuggerAddress: localhost:55065}, goog:processID: 50944, networkConnectionEnabled: false, pageLoadStrategy: normal, platformName: windows, proxy: Proxy(), se:cdp: ws://localhost:55065/devtoo..., se:cdpVersion: 147.0.7727.138, setWindowRect: true, strictFileInteractability: false, timeouts: {implicit: 0, pageLoad: 300000, script: 30000}, unhandledPromptBehavior: dismiss and notify, webauthn:extension:credBlob: true, webauthn:extension:largeBlob: true, webauthn:extension:minPinLength: true, webauthn:extension:prf: true, webauthn:virtualAuthenticators: true}
Session ID: 4902140c0f19f9971a89a6f6aafc4a7a]]>
            </message>
            <full-stacktrace>
              <![CDATA[org.openqa.selenium.TimeoutException: Expected condition failed: waiting for element found by By.xpath: //a[@title='Add my first address'] to be clickable, but the element was not found: org.openqa.selenium.NoSuchElementException: no such element: Unable to locate element: {"method":"xpath","selector":"//a[@title='Add my first address']"}.
(tried for 15 seconds with 500 milliseconds interval)
Build info: version: '4.43.0', revision: 'dd0f534'
System info: os.name: 'Windows 11', os.arch: 'amd64', os.version: '10.0', java.version: '25'
Driver info: org.openqa.selenium.chrome.ChromeDriver
Capabilities {acceptInsecureCerts: false, browserName: chrome, browserVersion: 147.0.7727.138, chrome: {chromedriverVersion: 147.0.7727.117 (474cc805edd..., userDataDir: C:\Users\nithi\AppData\Loca...}, fedcm:accounts: true, goog:chromeOptions: {debuggerAddress: localhost:55065}, goog:processID: 50944, networkConnectionEnabled: false, pageLoadStrategy: normal, platformName: windows, proxy: Proxy(), se:cdp: ws://localhost:55065/devtoo..., se:cdpVersion: 147.0.7727.138, setWindowRect: true, strictFileInteractability: false, timeouts: {implicit: 0, pageLoad: 300000, script: 30000}, unhandledPromptBehavior: dismiss and notify, webauthn:extension:credBlob: true, webauthn:extension:largeBlob: true, webauthn:extension:minPinLength: true, webauthn:extension:prf: true, webauthn:virtualAuthenticators: true}
Session ID: 4902140c0f19f9971a89a6f6aafc4a7a
at org.openqa.selenium.support.ui.WebDriverWait.timeoutException(WebDriverWait.java:85)
at org.openqa.selenium.support.ui.FluentWait.until(FluentWait.java:234)
at com.utility.BrowserUtility.clickOn(BrowserUtility.java:140)
at com.ui.pages.MyAccountPage.goToAddAddressPage(MyAccountPage.java:32)
at com.ui.tests.AddNewFirstAddressTest.addNewAdress(AddNewFirstAddressTest.java:30)
at java.base/jdk.internal.reflect.DirectMethodHandleAccessor.invoke(DirectMethodHandleAccessor.java:104)
at java.base/java.lang.reflect.Method.invoke(Method.java:565)
at org.testng.internal.invokers.MethodInvocationHelper.invokeMethod(MethodInvocationHelper.java:141)
at org.testng.internal.invokers.TestInvoker.invokeMethod(TestInvoker.java:697)
at org.testng.internal.invokers.TestInvoker.invokeTestMethod(TestInvoker.java:230)
at org.testng.internal.invokers.MethodRunner.runInSequence(MethodRunner.java:63)
at org.testng.internal.invokers.TestInvoker$MethodInvocationAgent.invoke(TestInvoker.java:1005)
at org.testng.internal.invokers.TestInvoker.invokeTestMethods(TestInvoker.java:203)
at org.testng.internal.invokers.TestMethodWorker.invokeTestMethods(TestMethodWorker.java:154)
at org.testng.internal.invokers.TestMethodWorker.run(TestMethodWorker.java:134)
at java.base/java.util.concurrent.Executors$RunnableAdapter.call(Executors.java:545)
at java.base/java.util.concurrent.FutureTask.run(FutureTask.java:328)
at org.testng.internal.thread.graph.TestNGFutureTask.run(TestNGFutureTask.java:22)
at java.base/java.util.concurrent.ThreadPoolExecutor.runWorker(ThreadPoolExecutor.java:1090)
at java.base/java.util.concurrent.ThreadPoolExecutor$Worker.run(ThreadPoolExecutor.java:614)
at java.base/java.lang.Thread.run(Thread.java:1474)
]]>
            </full-stacktrace>
          </exception> <!-- org.openqa.selenium.TimeoutException -->
          <reporter-output>
          </reporter-output>
        </test-method> <!-- addNewAdress -->
        <test-method is-config="true" signature="tearDown()[pri:0, instance:com.ui.tests.AddNewFirstAddressTest@1b7c473a]" started-at="2026-05-02T14:52:26 IST" name="tearDown" description="Tear down the browser" finished-at="2026-05-02T14:52:26 IST" duration-ms="208" status="PASS">
          <reporter-output>
          </reporter-output>
        </test-method> <!-- tearDown -->
      </class> <!-- com.ui.tests.AddNewFirstAddressTest -->
      <class name="com.ui.tests.InvalidCredsLoginTest">
        <test-method is-config="true" signature="setUp(java.lang.String,boolean,boolean,org.testng.ITestResult)[pri:0, instance:com.ui.tests.InvalidCredsLoginTest@3a4621bd]" started-at="2026-05-02T14:52:04 IST" name="setUp" description="Loads the Home Page of the Website" finished-at="2026-05-02T14:52:08 IST" duration-ms="3619" status="PASS">
          <params>
            <param index="0">
              <value>
                <![CDATA[chrome]]>
              </value>
            </param>
            <param index="1">
              <value>
                <![CDATA[false]]>
              </value>
            </param>
            <param index="2">
              <value>
                <![CDATA[true]]>
              </value>
            </param>
            <param index="3">
              <value>
                <![CDATA[[TestResult name={null} status=CREATED method=InvalidCredsLoginTest.loginExcelTest()[pri:0, instance:com.ui.tests.InvalidCredsLoginTest@3a4621bd] output={null}]]]>
              </value>
            </param>
          </params>
          <reporter-output>
          </reporter-output>
        </test-method> <!-- setUp -->
        <test-method signature="loginExcelTest()[pri:0, instance:com.ui.tests.InvalidCredsLoginTest@3a4621bd]" started-at="2026-05-02T14:52:08 IST" name="loginExcelTest" description="Verify Invalid user able to login to the application using excel" finished-at="2026-05-02T14:52:09 IST" duration-ms="1338" status="PASS">
          <reporter-output>
          </reporter-output>
        </test-method> <!-- loginExcelTest -->
        <test-method is-config="true" signature="tearDown()[pri:0, instance:com.ui.tests.InvalidCredsLoginTest@3a4621bd]" started-at="2026-05-02T14:52:09 IST" name="tearDown" description="Tear down the browser" finished-at="2026-05-02T14:52:12 IST" duration-ms="2880" status="PASS">
          <reporter-output>
          </reporter-output>
        </test-method> <!-- tearDown -->
      </class> <!-- com.ui.tests.InvalidCredsLoginTest -->
      <class name="com.ui.tests.LoginTest">
        <test-method is-config="true" signature="setUp(java.lang.String,boolean,boolean,org.testng.ITestResult)[pri:0, instance:com.ui.tests.LoginTest@7a1234bf]" started-at="2026-05-02T14:52:05 IST" name="setUp" description="Loads the Home Page of the Website" finished-at="2026-05-02T14:52:10 IST" duration-ms="4716" status="PASS">
          <params>
            <param index="0">
              <value>
                <![CDATA[chrome]]>
              </value>
            </param>
            <param index="1">
              <value>
                <![CDATA[false]]>
              </value>
            </param>
            <param index="2">
              <value>
                <![CDATA[true]]>
              </value>
            </param>
            <param index="3">
              <value>
                <![CDATA[[TestResult name={null} status=CREATED method=LoginTest.loginExcelTest(com.ui.pojo.Users)[pri:0, instance:com.ui.tests.LoginTest@7a1234bf] output={null}]]]>
              </value>
            </param>
          </params>
          <reporter-output>
          </reporter-output>
        </test-method> <!-- setUp -->
        <test-method signature="loginExcelTest(com.ui.pojo.Users)[pri:0, instance:com.ui.tests.LoginTest@7a1234bf]" started-at="2026-05-02T14:52:10 IST" name="loginExcelTest" description="Verify valid user able to login to the application using excel" data-provider="loginTestExcelDataProvider" finished-at="2026-05-02T14:52:11 IST" duration-ms="1641" status="PASS">
          <params>
            <param index="0">
              <value>
                <![CDATA[Users [email=yatese2929@mugstock.com, password=nithin@123]]]>
              </value>
            </param>
          </params>
          <reporter-output>
          </reporter-output>
        </test-method> <!-- loginExcelTest -->
        <test-method is-config="true" signature="tearDown()[pri:0, instance:com.ui.tests.LoginTest@7a1234bf]" started-at="2026-05-02T14:52:11 IST" name="tearDown" description="Tear down the browser" finished-at="2026-05-02T14:52:12 IST" duration-ms="851" status="PASS">
          <reporter-output>
          </reporter-output>
        </test-method> <!-- tearDown -->
        <test-method is-config="true" signature="setUp(java.lang.String,boolean,boolean,org.testng.ITestResult)[pri:0, instance:com.ui.tests.LoginTest@7a1234bf]" started-at="2026-05-02T14:52:12 IST" name="setUp" description="Loads the Home Page of the Website" finished-at="2026-05-02T14:52:15 IST" duration-ms="2646" status="PASS">
          <params>
            <param index="0">
              <value>
                <![CDATA[chrome]]>
              </value>
            </param>
            <param index="1">
              <value>
                <![CDATA[false]]>
              </value>
            </param>
            <param index="2">
              <value>
                <![CDATA[true]]>
              </value>
            </param>
            <param index="3">
              <value>
                <![CDATA[[TestResult name={null} status=CREATED method=LoginTest.loginExcelTest(com.ui.pojo.Users)[pri:0, instance:com.ui.tests.LoginTest@7a1234bf] output={null}]]]>
              </value>
            </param>
          </params>
          <reporter-output>
          </reporter-output>
        </test-method> <!-- setUp -->
        <test-method signature="loginExcelTest(com.ui.pojo.Users)[pri:0, instance:com.ui.tests.LoginTest@7a1234bf]" started-at="2026-05-02T14:52:15 IST" name="loginExcelTest" description="Verify valid user able to login to the application using excel" data-provider="loginTestExcelDataProvider" finished-at="2026-05-02T14:52:15 IST" duration-ms="793" status="PASS">
          <params>
            <param index="0">
              <value>
                <![CDATA[Users [email=yatese2929@mugstock.com, password=nithin@123]]]>
              </value>
            </param>
          </params>
          <reporter-output>
          </reporter-output>
        </test-method> <!-- loginExcelTest -->
        <test-method is-config="true" signature="tearDown()[pri:0, instance:com.ui.tests.LoginTest@7a1234bf]" started-at="2026-05-02T14:52:15 IST" name="tearDown" description="Tear down the browser" finished-at="2026-05-02T14:52:16 IST" duration-ms="308" status="PASS">
          <reporter-output>
          </reporter-output>
        </test-method> <!-- tearDown -->
      </class> <!-- com.ui.tests.LoginTest -->
    </test> <!-- Automation Test -->
  </suite> <!-- Automation Suite -->
</testng-results>
