<?xml version="1.0" encoding="UTF-8"?>
<testsuite xmlns:xsi="http://www.w3.org/2001/XMLSchema-instance" xsi:noNamespaceSchemaLocation="https://maven.apache.org/surefire/maven-surefire-plugin/xsd/surefire-test-report.xsd" version="3.0.2" name="TestSuite" time="18.47" tests="7" errors="0" skipped="2" failures="3" flakes="0">
  <properties>
[...]
</properties>
  <testcase name="loginExcelTest[Users [email=yatese2929@mugstock.com, password=nithin@123]](1)" classname="com.ui.tests.LoginTest" time="0.594">
    <system-out><![CDATA[2026-04-26 12:11:23 [main] INFO com.ui.listners.TestListener::onStart::21 Test Suite Started..!! 
2026-04-26 12:11:23 [TestNG-test-Automation Test-1] INFO com.ui.tests.LoginTest::setUp::38 Loads the Home Page of the Website 
2026-04-26 12:11:23 [TestNG-test-Automation Test-1] INFO com.ui.pages.HomePage::<init>::70 Launching Browser for: CHROME 
2026-04-26 12:11:24 [TestNG-test-Automation Test-1] INFO com.ui.pages.HomePage::goToWebSite::105 Visiting the website https://automationpractice.techwithjatin.com/ 
2026-04-26 12:11:25 [TestNG-test-Automation Test-1] INFO com.ui.pages.HomePage::maximizeWindow::111 Maximizing browser window 
2026-04-26 12:11:25 [TestNG-test-Automation Test-1] INFO com.ui.listners.TestListener::onTestStart::33 loginExcelTest 
2026-04-26 12:11:25 [TestNG-test-Automation Test-1] INFO com.ui.listners.TestListener::onTestStart::34 Verify valid user able to login to the application using excel 
2026-04-26 12:11:25 [TestNG-test-Automation Test-1] INFO com.ui.listners.TestListener::onTestStart::35 [smoke, e2e] 
2026-04-26 12:11:25 [TestNG-test-Automation Test-1] INFO com.ui.tests.LoginTest::loginExcelTest::47 Started my login excel test 
2026-04-26 12:11:25 [TestNG-test-Automation Test-1] INFO com.ui.pages.HomePage::clickOn::116 Finding element with locator By.cssSelector: .login 
2026-04-26 12:11:25 [TestNG-test-Automation Test-1] INFO com.ui.pages.HomePage::clickOn::118 Element found and now performing the click 
2026-04-26 12:11:25 [TestNG-test-Automation Test-1] INFO com.ui.pages.LoginPage::enterText::123 Finding element with locator By.id: email 
2026-04-26 12:11:25 [TestNG-test-Automation Test-1] INFO com.ui.pages.LoginPage::enterText::125 Element found and entered text yatese2929@mugstock.com 
2026-04-26 12:11:25 [TestNG-test-Automation Test-1] INFO com.ui.pages.LoginPage::enterText::123 Finding element with locator By.id: passwd 
2026-04-26 12:11:25 [TestNG-test-Automation Test-1] INFO com.ui.pages.LoginPage::enterText::125 Element found and entered text nithin@123 
2026-04-26 12:11:25 [TestNG-test-Automation Test-1] INFO com.ui.pages.LoginPage::clickOn::116 Finding element with locator By.id: SubmitLogin 
2026-04-26 12:11:25 [TestNG-test-Automation Test-1] INFO com.ui.pages.LoginPage::clickOn::118 Element found and now performing the click 
2026-04-26 12:11:25 [TestNG-test-Automation Test-1] INFO com.ui.pages.MyAccountPage::getVisibleText::132 Finding element with locator By.cssSelector: a.account > :first-child 
2026-04-26 12:11:25 [TestNG-test-Automation Test-1] INFO com.ui.pages.MyAccountPage::getVisibleText::135 Returning the visible text Nithin P 
2026-04-26 12:11:25 [TestNG-test-Automation Test-1] INFO com.ui.tests.LoginTest::loginExcelTest::50 login excel test completed 
]]></system-out>
    <system-err><![CDATA[SLF4J(W): No SLF4J providers were found.
SLF4J(W): Defaulting to no-operation (NOP) logger implementation
SLF4J(W): See https://www.slf4j.org/codes.html#noProviders for further details.
]]></system-err>
  </testcase>
  <testcase name="loginExcelTest[Users [email=yatese2929@mugstock.com, password=nithin@123]](2)" classname="com.ui.tests.LoginTest" time="0.652">
    <system-out><![CDATA[2026-04-26 12:11:25 [TestNG-test-Automation Test-1] INFO com.ui.listners.TestListener::onTestSuccess::40 loginExcelTest PASSED 
2026-04-26 12:11:25 [TestNG-test-Automation Test-1] INFO com.ui.tests.LoginTest::setUp::38 Loads the Home Page of the Website 
2026-04-26 12:11:25 [TestNG-test-Automation Test-1] INFO com.ui.pages.HomePage::<init>::70 Launching Browser for: CHROME 
2026-04-26 12:11:26 [TestNG-test-Automation Test-1] INFO com.ui.pages.HomePage::goToWebSite::105 Visiting the website https://automationpractice.techwithjatin.com/ 
2026-04-26 12:11:27 [TestNG-test-Automation Test-1] INFO com.ui.pages.HomePage::maximizeWindow::111 Maximizing browser window 
2026-04-26 12:11:27 [TestNG-test-Automation Test-1] INFO com.ui.listners.TestListener::onTestStart::33 loginExcelTest 
2026-04-26 12:11:27 [TestNG-test-Automation Test-1] INFO com.ui.listners.TestListener::onTestStart::34 Verify valid user able to login to the application using excel 
2026-04-26 12:11:27 [TestNG-test-Automation Test-1] INFO com.ui.listners.TestListener::onTestStart::35 [smoke, e2e] 
2026-04-26 12:11:27 [TestNG-test-Automation Test-1] INFO com.ui.tests.LoginTest::loginExcelTest::47 Started my login excel test 
2026-04-26 12:11:27 [TestNG-test-Automation Test-1] INFO com.ui.pages.HomePage::clickOn::116 Finding element with locator By.cssSelector: .login 
2026-04-26 12:11:27 [TestNG-test-Automation Test-1] INFO com.ui.pages.HomePage::clickOn::118 Element found and now performing the click 
2026-04-26 12:11:27 [TestNG-test-Automation Test-1] INFO com.ui.pages.LoginPage::enterText::123 Finding element with locator By.id: email 
2026-04-26 12:11:27 [TestNG-test-Automation Test-1] INFO com.ui.pages.LoginPage::enterText::125 Element found and entered text yatese2929@mugstock.com 
2026-04-26 12:11:27 [TestNG-test-Automation Test-1] INFO com.ui.pages.LoginPage::enterText::123 Finding element with locator By.id: passwd 
2026-04-26 12:11:27 [TestNG-test-Automation Test-1] INFO com.ui.pages.LoginPage::enterText::125 Element found and entered text nithin@123 
2026-04-26 12:11:27 [TestNG-test-Automation Test-1] INFO com.ui.pages.LoginPage::clickOn::116 Finding element with locator By.id: SubmitLogin 
2026-04-26 12:11:27 [TestNG-test-Automation Test-1] INFO com.ui.pages.LoginPage::clickOn::118 Element found and now performing the click 
2026-04-26 12:11:27 [TestNG-test-Automation Test-1] INFO com.ui.pages.MyAccountPage::getVisibleText::132 Finding element with locator By.cssSelector: a.account > :first-child 
2026-04-26 12:11:27 [TestNG-test-Automation Test-1] INFO com.ui.pages.MyAccountPage::getVisibleText::135 Returning the visible text Nithin P 
2026-04-26 12:11:27 [TestNG-test-Automation Test-1] INFO com.ui.tests.LoginTest::loginExcelTest::50 login excel test completed 
]]></system-out>
  </testcase>
  <testcase name="loginJsonTest[Users [email=yatese2929@mugstock.com, password=nithin@123]](1)" classname="com.ui.tests.LoginTest" time="0.0">
    <skipped message="expected [Nithin Ps] but found [Nithin P]"/>
    <system-out><![CDATA[2026-04-26 12:11:27 [TestNG-test-Automation Test-1] INFO com.ui.listners.TestListener::onTestSuccess::40 loginExcelTest PASSED 
2026-04-26 12:11:28 [TestNG-test-Automation Test-1] INFO com.ui.tests.LoginTest::setUp::38 Loads the Home Page of the Website 
2026-04-26 12:11:28 [TestNG-test-Automation Test-1] INFO com.ui.pages.HomePage::<init>::70 Launching Browser for: CHROME 
2026-04-26 12:11:28 [TestNG-test-Automation Test-1] INFO com.ui.pages.HomePage::goToWebSite::105 Visiting the website https://automationpractice.techwithjatin.com/ 
2026-04-26 12:11:29 [TestNG-test-Automation Test-1] INFO com.ui.pages.HomePage::maximizeWindow::111 Maximizing browser window 
2026-04-26 12:11:29 [TestNG-test-Automation Test-1] INFO com.ui.listners.TestListener::onTestStart::33 loginJsonTest 
2026-04-26 12:11:29 [TestNG-test-Automation Test-1] INFO com.ui.listners.TestListener::onTestStart::34 Verify valid user able to login to the application using json 
2026-04-26 12:11:29 [TestNG-test-Automation Test-1] INFO com.ui.listners.TestListener::onTestStart::35 [smoke, e2e] 
2026-04-26 12:11:29 [TestNG-test-Automation Test-1] INFO com.ui.tests.LoginTest::loginJsonTest::27 Started my login JSON test 
2026-04-26 12:11:29 [TestNG-test-Automation Test-1] INFO com.ui.pages.HomePage::clickOn::116 Finding element with locator By.cssSelector: .login 
2026-04-26 12:11:29 [TestNG-test-Automation Test-1] INFO com.ui.pages.HomePage::clickOn::118 Element found and now performing the click 
2026-04-26 12:11:29 [TestNG-test-Automation Test-1] INFO com.ui.pages.LoginPage::enterText::123 Finding element with locator By.id: email 
2026-04-26 12:11:29 [TestNG-test-Automation Test-1] INFO com.ui.pages.LoginPage::enterText::125 Element found and entered text yatese2929@mugstock.com 
2026-04-26 12:11:29 [TestNG-test-Automation Test-1] INFO com.ui.pages.LoginPage::enterText::123 Finding element with locator By.id: passwd 
2026-04-26 12:11:29 [TestNG-test-Automation Test-1] INFO com.ui.pages.LoginPage::enterText::125 Element found and entered text nithin@123 
2026-04-26 12:11:29 [TestNG-test-Automation Test-1] INFO com.ui.pages.LoginPage::clickOn::116 Finding element with locator By.id: SubmitLogin 
2026-04-26 12:11:29 [TestNG-test-Automation Test-1] INFO com.ui.pages.LoginPage::clickOn::118 Element found and now performing the click 
2026-04-26 12:11:29 [TestNG-test-Automation Test-1] INFO com.ui.pages.MyAccountPage::getVisibleText::132 Finding element with locator By.cssSelector: a.account > :first-child 
2026-04-26 12:11:29 [TestNG-test-Automation Test-1] INFO com.ui.pages.MyAccountPage::getVisibleText::135 Returning the visible text Nithin P 
]]></system-out>
  </testcase>
  <testcase name="loginJsonTest[Users [email=yatese2929@mugstock.com, password=nithin@123]](2)" classname="com.ui.tests.LoginTest" time="0.0">
    <skipped message="expected [Nithin Ps] but found [Nithin P]"/>
    <system-out><![CDATA[2026-04-26 12:11:29 [TestNG-test-Automation Test-1] WARN com.ui.listners.TestListener::onTestSkipped::63 loginJsonTest SKIPPED 
2026-04-26 12:11:30 [TestNG-test-Automation Test-1] INFO com.ui.tests.LoginTest::setUp::38 Loads the Home Page of the Website 
2026-04-26 12:11:30 [TestNG-test-Automation Test-1] INFO com.ui.pages.HomePage::<init>::70 Launching Browser for: CHROME 
2026-04-26 12:11:30 [TestNG-test-Automation Test-1] INFO com.ui.pages.HomePage::goToWebSite::105 Visiting the website https://automationpractice.techwithjatin.com/ 
2026-04-26 12:11:31 [TestNG-test-Automation Test-1] INFO com.ui.pages.HomePage::maximizeWindow::111 Maximizing browser window 
2026-04-26 12:11:31 [TestNG-test-Automation Test-1] INFO com.ui.listners.TestListener::onTestStart::33 loginJsonTest 
2026-04-26 12:11:31 [TestNG-test-Automation Test-1] INFO com.ui.listners.TestListener::onTestStart::34 Verify valid user able to login to the application using json 
2026-04-26 12:11:31 [TestNG-test-Automation Test-1] INFO com.ui.listners.TestListener::onTestStart::35 [smoke, e2e] 
2026-04-26 12:11:31 [TestNG-test-Automation Test-1] INFO com.ui.tests.LoginTest::loginJsonTest::27 Started my login JSON test 
2026-04-26 12:11:31 [TestNG-test-Automation Test-1] INFO com.ui.pages.HomePage::clickOn::116 Finding element with locator By.cssSelector: .login 
2026-04-26 12:11:31 [TestNG-test-Automation Test-1] INFO com.ui.pages.HomePage::clickOn::118 Element found and now performing the click 
2026-04-26 12:11:31 [TestNG-test-Automation Test-1] INFO com.ui.pages.LoginPage::enterText::123 Finding element with locator By.id: email 
2026-04-26 12:11:31 [TestNG-test-Automation Test-1] INFO com.ui.pages.LoginPage::enterText::125 Element found and entered text yatese2929@mugstock.com 
2026-04-26 12:11:31 [TestNG-test-Automation Test-1] INFO com.ui.pages.LoginPage::enterText::123 Finding element with locator By.id: passwd 
2026-04-26 12:11:31 [TestNG-test-Automation Test-1] INFO com.ui.pages.LoginPage::enterText::125 Element found and entered text nithin@123 
2026-04-26 12:11:31 [TestNG-test-Automation Test-1] INFO com.ui.pages.LoginPage::clickOn::116 Finding element with locator By.id: SubmitLogin 
2026-04-26 12:11:31 [TestNG-test-Automation Test-1] INFO com.ui.pages.LoginPage::clickOn::118 Element found and now performing the click 
2026-04-26 12:11:31 [TestNG-test-Automation Test-1] INFO com.ui.pages.MyAccountPage::getVisibleText::132 Finding element with locator By.cssSelector: a.account > :first-child 
2026-04-26 12:11:31 [TestNG-test-Automation Test-1] INFO com.ui.pages.MyAccountPage::getVisibleText::135 Returning the visible text Nithin P 
]]></system-out>
  </testcase>
  <testcase name="loginJsonTest[Users [email=yatese2929@mugstock.com, password=nithin@123]](3)" classname="com.ui.tests.LoginTest" time="0.663">
    <failure message="expected [Nithin Ps] but found [Nithin P]" type="java.lang.AssertionError"><![CDATA[java.lang.AssertionError: expected [Nithin Ps] but found [Nithin P]
	at org.testng.Assert.fail(Assert.java:111)
	at org.testng.Assert.failNotEquals(Assert.java:1590)
	at org.testng.Assert.assertEqualsImpl(Assert.java:150)
	at org.testng.Assert.assertEquals(Assert.java:132)
	at org.testng.Assert.assertEquals(Assert.java:656)
	at org.testng.Assert.assertEquals(Assert.java:666)
	at com.ui.tests.LoginTest.loginJsonTest(LoginTest.java:29)
	at java.base/jdk.internal.reflect.DirectMethodHandleAccessor.invoke(DirectMethodHandleAccessor.java:104)
	at java.base/java.lang.reflect.Method.invoke(Method.java:565)
	at org.testng.internal.invokers.MethodInvocationHelper.invokeMethod(MethodInvocationHelper.java:141)
	at org.testng.internal.invokers.TestInvoker.invokeMethod(TestInvoker.java:697)
	at org.testng.internal.invokers.TestInvoker.retryFailed(TestInvoker.java:280)
	at org.testng.internal.invokers.MethodRunner.runInSequence(MethodRunner.java:76)
	at org.testng.internal.invokers.TestInvoker$MethodInvocationAgent.invoke(TestInvoker.java:1005)
	at org.testng.internal.invokers.TestInvoker.invokeTestMethods(TestInvoker.java:203)
	at org.testng.internal.invokers.TestMethodWorker.invokeTestMethods(TestMethodWorker.java:154)
	at org.testng.internal.invokers.TestMethodWorker.run(TestMethodWorker.java:134)
	at java.base/java.util.concurrent.Executors$RunnableAdapter.call(Executors.java:545)
	at java.base/java.util.concurrent.FutureTask.run(FutureTask.java:328)
	at org.testng.internal.thread.graph.TestNGFutureTask.run(TestNGFutureTask.java:22)
	at java.base/java.util.concurrent.ThreadPoolExecutor.runWorker(ThreadPoolExecutor.java:1090)
	at java.base/java.util.concurrent.ThreadPoolExecutor$Worker.run(ThreadPoolExecutor.java:614)
	at java.base/java.lang.Thread.run(Thread.java:1474)
]]></failure>
    <system-out><![CDATA[2026-04-26 12:11:31 [TestNG-test-Automation Test-1] WARN com.ui.listners.TestListener::onTestSkipped::63 loginJsonTest SKIPPED 
2026-04-26 12:11:32 [TestNG-test-Automation Test-1] INFO com.ui.tests.LoginTest::setUp::38 Loads the Home Page of the Website 
2026-04-26 12:11:32 [TestNG-test-Automation Test-1] INFO com.ui.pages.HomePage::<init>::70 Launching Browser for: CHROME 
2026-04-26 12:11:32 [TestNG-test-Automation Test-1] INFO com.ui.pages.HomePage::goToWebSite::105 Visiting the website https://automationpractice.techwithjatin.com/ 
2026-04-26 12:11:33 [TestNG-test-Automation Test-1] INFO com.ui.pages.HomePage::maximizeWindow::111 Maximizing browser window 
2026-04-26 12:11:33 [TestNG-test-Automation Test-1] INFO com.ui.listners.TestListener::onTestStart::33 loginJsonTest 
2026-04-26 12:11:33 [TestNG-test-Automation Test-1] INFO com.ui.listners.TestListener::onTestStart::34 Verify valid user able to login to the application using json 
2026-04-26 12:11:33 [TestNG-test-Automation Test-1] INFO com.ui.listners.TestListener::onTestStart::35 [smoke, e2e] 
2026-04-26 12:11:33 [TestNG-test-Automation Test-1] INFO com.ui.tests.LoginTest::loginJsonTest::27 Started my login JSON test 
2026-04-26 12:11:33 [TestNG-test-Automation Test-1] INFO com.ui.pages.HomePage::clickOn::116 Finding element with locator By.cssSelector: .login 
2026-04-26 12:11:33 [TestNG-test-Automation Test-1] INFO com.ui.pages.HomePage::clickOn::118 Element found and now performing the click 
2026-04-26 12:11:33 [TestNG-test-Automation Test-1] INFO com.ui.pages.LoginPage::enterText::123 Finding element with locator By.id: email 
2026-04-26 12:11:33 [TestNG-test-Automation Test-1] INFO com.ui.pages.LoginPage::enterText::125 Element found and entered text yatese2929@mugstock.com 
2026-04-26 12:11:33 [TestNG-test-Automation Test-1] INFO com.ui.pages.LoginPage::enterText::123 Finding element with locator By.id: passwd 
2026-04-26 12:11:33 [TestNG-test-Automation Test-1] INFO com.ui.pages.LoginPage::enterText::125 Element found and entered text nithin@123 
2026-04-26 12:11:33 [TestNG-test-Automation Test-1] INFO com.ui.pages.LoginPage::clickOn::116 Finding element with locator By.id: SubmitLogin 
2026-04-26 12:11:33 [TestNG-test-Automation Test-1] INFO com.ui.pages.LoginPage::clickOn::118 Element found and now performing the click 
2026-04-26 12:11:33 [TestNG-test-Automation Test-1] INFO com.ui.pages.MyAccountPage::getVisibleText::132 Finding element with locator By.cssSelector: a.account > :first-child 
2026-04-26 12:11:33 [TestNG-test-Automation Test-1] INFO com.ui.pages.MyAccountPage::getVisibleText::135 Returning the visible text Nithin P 
]]></system-out>
  </testcase>
  <testcase name="loginJsonTest[Users [email=yatese2929@mugstock.com, password=nithin@123]](4)" classname="com.ui.tests.LoginTest" time="0.717">
    <failure message="expected [Nithin Ps] but found [Nithin P]" type="java.lang.AssertionError"><![CDATA[java.lang.AssertionError: expected [Nithin Ps] but found [Nithin P]
	at org.testng.Assert.fail(Assert.java:111)
	at org.testng.Assert.failNotEquals(Assert.java:1590)
	at org.testng.Assert.assertEqualsImpl(Assert.java:150)
	at org.testng.Assert.assertEquals(Assert.java:132)
	at org.testng.Assert.assertEquals(Assert.java:656)
	at org.testng.Assert.assertEquals(Assert.java:666)
	at com.ui.tests.LoginTest.loginJsonTest(LoginTest.java:29)
	at java.base/jdk.internal.reflect.DirectMethodHandleAccessor.invoke(DirectMethodHandleAccessor.java:104)
	at java.base/java.lang.reflect.Method.invoke(Method.java:565)
	at org.testng.internal.invokers.MethodInvocationHelper.invokeMethod(MethodInvocationHelper.java:141)
	at org.testng.internal.invokers.TestInvoker.invokeMethod(TestInvoker.java:697)
	at org.testng.internal.invokers.TestInvoker.invokeTestMethod(TestInvoker.java:230)
	at org.testng.internal.invokers.MethodRunner.runInSequence(MethodRunner.java:63)
	at org.testng.internal.invokers.TestInvoker$MethodInvocationAgent.invoke(TestInvoker.java:1005)
	at org.testng.internal.invokers.TestInvoker.invokeTestMethods(TestInvoker.java:203)
	at org.testng.internal.invokers.TestMethodWorker.invokeTestMethods(TestMethodWorker.java:154)
	at org.testng.internal.invokers.TestMethodWorker.run(TestMethodWorker.java:134)
	at java.base/java.util.concurrent.Executors$RunnableAdapter.call(Executors.java:545)
	at java.base/java.util.concurrent.FutureTask.run(FutureTask.java:328)
	at org.testng.internal.thread.graph.TestNGFutureTask.run(TestNGFutureTask.java:22)
	at java.base/java.util.concurrent.ThreadPoolExecutor.runWorker(ThreadPoolExecutor.java:1090)
	at java.base/java.util.concurrent.ThreadPoolExecutor$Worker.run(ThreadPoolExecutor.java:614)
	at java.base/java.lang.Thread.run(Thread.java:1474)
]]></failure>
    <system-out><![CDATA[2026-04-26 12:11:33 [TestNG-test-Automation Test-1] ERROR com.ui.listners.TestListener::onTestFailure::46 loginJsonTest FAILED 
2026-04-26 12:11:33 [TestNG-test-Automation Test-1] ERROR com.ui.listners.TestListener::onTestFailure::47 expected [Nithin Ps] but found [Nithin P] 
2026-04-26 12:11:33 [TestNG-test-Automation Test-1] INFO com.ui.listners.TestListener::onTestFailure::54 Capturing ScreenShot for the failed test 
2026-04-26 12:11:34 [TestNG-test-Automation Test-1] INFO com.ui.listners.TestListener::onTestFailure::57 Attaching ScreenShot to the HTML file 
2026-04-26 12:11:34 [TestNG-test-Automation Test-1] INFO com.ui.tests.LoginTest::setUp::38 Loads the Home Page of the Website 
2026-04-26 12:11:34 [TestNG-test-Automation Test-1] INFO com.ui.pages.HomePage::<init>::70 Launching Browser for: CHROME 
2026-04-26 12:11:35 [TestNG-test-Automation Test-1] INFO com.ui.pages.HomePage::goToWebSite::105 Visiting the website https://automationpractice.techwithjatin.com/ 
2026-04-26 12:11:36 [TestNG-test-Automation Test-1] INFO com.ui.pages.HomePage::maximizeWindow::111 Maximizing browser window 
2026-04-26 12:11:36 [TestNG-test-Automation Test-1] INFO com.ui.listners.TestListener::onTestStart::33 loginJsonTest 
2026-04-26 12:11:36 [TestNG-test-Automation Test-1] INFO com.ui.listners.TestListener::onTestStart::34 Verify valid user able to login to the application using json 
2026-04-26 12:11:36 [TestNG-test-Automation Test-1] INFO com.ui.listners.TestListener::onTestStart::35 [smoke, e2e] 
2026-04-26 12:11:36 [TestNG-test-Automation Test-1] INFO com.ui.tests.LoginTest::loginJsonTest::27 Started my login JSON test 
2026-04-26 12:11:36 [TestNG-test-Automation Test-1] INFO com.ui.pages.HomePage::clickOn::116 Finding element with locator By.cssSelector: .login 
2026-04-26 12:11:36 [TestNG-test-Automation Test-1] INFO com.ui.pages.HomePage::clickOn::118 Element found and now performing the click 
2026-04-26 12:11:36 [TestNG-test-Automation Test-1] INFO com.ui.pages.LoginPage::enterText::123 Finding element with locator By.id: email 
2026-04-26 12:11:36 [TestNG-test-Automation Test-1] INFO com.ui.pages.LoginPage::enterText::125 Element found and entered text yatese2929@mugstock.com 
2026-04-26 12:11:36 [TestNG-test-Automation Test-1] INFO com.ui.pages.LoginPage::enterText::123 Finding element with locator By.id: passwd 
2026-04-26 12:11:36 [TestNG-test-Automation Test-1] INFO com.ui.pages.LoginPage::enterText::125 Element found and entered text nithin@123 
2026-04-26 12:11:36 [TestNG-test-Automation Test-1] INFO com.ui.pages.LoginPage::clickOn::116 Finding element with locator By.id: SubmitLogin 
2026-04-26 12:11:36 [TestNG-test-Automation Test-1] INFO com.ui.pages.LoginPage::clickOn::118 Element found and now performing the click 
2026-04-26 12:11:36 [TestNG-test-Automation Test-1] INFO com.ui.pages.MyAccountPage::getVisibleText::132 Finding element with locator By.cssSelector: a.account > :first-child 
2026-04-26 12:11:36 [TestNG-test-Automation Test-1] INFO com.ui.pages.MyAccountPage::getVisibleText::135 Returning the visible text Nithin P 
]]></system-out>
  </testcase>
  <testcase name="loginJsonTest[Users [email=yatese2929@mugstock.com, password=nithin@123]](5)" classname="com.ui.tests.LoginTest" time="0.741">
    <failure message="expected [Nithin Ps] but found [Nithin P]" type="java.lang.AssertionError"><![CDATA[java.lang.AssertionError: expected [Nithin Ps] but found [Nithin P]
	at org.testng.Assert.fail(Assert.java:111)
	at org.testng.Assert.failNotEquals(Assert.java:1590)
	at org.testng.Assert.assertEqualsImpl(Assert.java:150)
	at org.testng.Assert.assertEquals(Assert.java:132)
	at org.testng.Assert.assertEquals(Assert.java:656)
	at org.testng.Assert.assertEquals(Assert.java:666)
	at com.ui.tests.LoginTest.loginJsonTest(LoginTest.java:29)
	at java.base/jdk.internal.reflect.DirectMethodHandleAccessor.invoke(DirectMethodHandleAccessor.java:104)
	at java.base/java.lang.reflect.Method.invoke(Method.java:565)
	at org.testng.internal.invokers.MethodInvocationHelper.invokeMethod(MethodInvocationHelper.java:141)
	at org.testng.internal.invokers.TestInvoker.invokeMethod(TestInvoker.java:697)
	at org.testng.internal.invokers.TestInvoker.invokeTestMethod(TestInvoker.java:230)
	at org.testng.internal.invokers.MethodRunner.runInSequence(MethodRunner.java:63)
	at org.testng.internal.invokers.TestInvoker$MethodInvocationAgent.invoke(TestInvoker.java:1005)
	at org.testng.internal.invokers.TestInvoker.invokeTestMethods(TestInvoker.java:203)
	at org.testng.internal.invokers.TestMethodWorker.invokeTestMethods(TestMethodWorker.java:154)
	at org.testng.internal.invokers.TestMethodWorker.run(TestMethodWorker.java:134)
	at java.base/java.util.concurrent.Executors$RunnableAdapter.call(Executors.java:545)
	at java.base/java.util.concurrent.FutureTask.run(FutureTask.java:328)
	at org.testng.internal.thread.graph.TestNGFutureTask.run(TestNGFutureTask.java:22)
	at java.base/java.util.concurrent.ThreadPoolExecutor.runWorker(ThreadPoolExecutor.java:1090)
	at java.base/java.util.concurrent.ThreadPoolExecutor$Worker.run(ThreadPoolExecutor.java:614)
	at java.base/java.lang.Thread.run(Thread.java:1474)
]]></failure>
    <system-out><![CDATA[2026-04-26 12:11:36 [TestNG-test-Automation Test-1] ERROR com.ui.listners.TestListener::onTestFailure::46 loginJsonTest FAILED 
2026-04-26 12:11:36 [TestNG-test-Automation Test-1] ERROR com.ui.listners.TestListener::onTestFailure::47 expected [Nithin Ps] but found [Nithin P] 
2026-04-26 12:11:36 [TestNG-test-Automation Test-1] INFO com.ui.listners.TestListener::onTestFailure::54 Capturing ScreenShot for the failed test 
2026-04-26 12:11:36 [TestNG-test-Automation Test-1] INFO com.ui.listners.TestListener::onTestFailure::57 Attaching ScreenShot to the HTML file 
2026-04-26 12:11:37 [TestNG-test-Automation Test-1] INFO com.ui.tests.LoginTest::setUp::38 Loads the Home Page of the Website 
2026-04-26 12:11:37 [TestNG-test-Automation Test-1] INFO com.ui.pages.HomePage::<init>::70 Launching Browser for: CHROME 
2026-04-26 12:11:38 [TestNG-test-Automation Test-1] INFO com.ui.pages.HomePage::goToWebSite::105 Visiting the website https://automationpractice.techwithjatin.com/ 
2026-04-26 12:11:38 [TestNG-test-Automation Test-1] INFO com.ui.pages.HomePage::maximizeWindow::111 Maximizing browser window 
2026-04-26 12:11:38 [TestNG-test-Automation Test-1] INFO com.ui.listners.TestListener::onTestStart::33 loginJsonTest 
2026-04-26 12:11:38 [TestNG-test-Automation Test-1] INFO com.ui.listners.TestListener::onTestStart::34 Verify valid user able to login to the application using json 
2026-04-26 12:11:38 [TestNG-test-Automation Test-1] INFO com.ui.listners.TestListener::onTestStart::35 [smoke, e2e] 
2026-04-26 12:11:38 [TestNG-test-Automation Test-1] INFO com.ui.tests.LoginTest::loginJsonTest::27 Started my login JSON test 
2026-04-26 12:11:38 [TestNG-test-Automation Test-1] INFO com.ui.pages.HomePage::clickOn::116 Finding element with locator By.cssSelector: .login 
2026-04-26 12:11:38 [TestNG-test-Automation Test-1] INFO com.ui.pages.HomePage::clickOn::118 Element found and now performing the click 
2026-04-26 12:11:39 [TestNG-test-Automation Test-1] INFO com.ui.pages.LoginPage::enterText::123 Finding element with locator By.id: email 
2026-04-26 12:11:39 [TestNG-test-Automation Test-1] INFO com.ui.pages.LoginPage::enterText::125 Element found and entered text yatese2929@mugstock.com 
2026-04-26 12:11:39 [TestNG-test-Automation Test-1] INFO com.ui.pages.LoginPage::enterText::123 Finding element with locator By.id: passwd 
2026-04-26 12:11:39 [TestNG-test-Automation Test-1] INFO com.ui.pages.LoginPage::enterText::125 Element found and entered text nithin@123 
2026-04-26 12:11:39 [TestNG-test-Automation Test-1] INFO com.ui.pages.LoginPage::clickOn::116 Finding element with locator By.id: SubmitLogin 
2026-04-26 12:11:39 [TestNG-test-Automation Test-1] INFO com.ui.pages.LoginPage::clickOn::118 Element found and now performing the click 
2026-04-26 12:11:39 [TestNG-test-Automation Test-1] INFO com.ui.pages.MyAccountPage::getVisibleText::132 Finding element with locator By.cssSelector: a.account > :first-child 
2026-04-26 12:11:39 [TestNG-test-Automation Test-1] INFO com.ui.pages.MyAccountPage::getVisibleText::135 Returning the visible text Nithin P 
]]></system-out>
  </testcase>
</testsuite>