<?xml version="1.0" encoding="UTF-8"?>
<testsuite xmlns:xsi="http://www.w3.org/2001/XMLSchema-instance" xsi:noNamespaceSchemaLocation="https://maven.apache.org/surefire/maven-surefire-plugin/xsd/surefire-test-report.xsd" version="3.0.2" name="TestSuite" time="23.062" tests="6" errors="0" skipped="0" failures="1" flakes="0">
  <properties>
[...]
</properties>
  <testcase name="loginExcelTest" classname="com.ui.tests.InvalidCredsLoginTest" time="1.335">
    <system-out><![CDATA[2026-05-02 14:52:04 [main] INFO com.ui.listners.TestListener::onStart::21 Test Suite Started..!! 
2026-05-02 14:52:04 [TestNG-test-Automation Test-5] INFO com.ui.tests.ProductCheckOutTest::setUp::38 Loads the Home Page of the Website 
2026-05-02 14:52:04 [TestNG-test-Automation Test-2] INFO com.ui.tests.InvalidCredsLoginTest::setUp::38 Loads the Home Page of the Website 
2026-05-02 14:52:04 [TestNG-test-Automation Test-3] INFO com.ui.tests.SearchProductsTest::setUp::38 Loads the Home Page of the Website 
2026-05-02 14:52:04 [TestNG-test-Automation Test-4] INFO com.ui.tests.AddNewFirstAddressTest::setUp::38 Loads the Home Page of the Website 
2026-05-02 14:52:04 [TestNG-test-Automation Test-5] INFO com.ui.pages.HomePage::<init>::86 Launching Browser for: CHROME 
2026-05-02 14:52:04 [TestNG-test-Automation Test-3] INFO com.ui.pages.HomePage::<init>::86 Launching Browser for: CHROME 
2026-05-02 14:52:04 [TestNG-test-Automation Test-4] INFO com.ui.pages.HomePage::<init>::86 Launching Browser for: CHROME 
2026-05-02 14:52:04 [TestNG-test-Automation Test-2] INFO com.ui.pages.HomePage::<init>::86 Launching Browser for: CHROME 
2026-05-02 14:52:05 [TestNG-test-Automation Test-1] INFO com.ui.tests.LoginTest::setUp::38 Loads the Home Page of the Website 
2026-05-02 14:52:05 [TestNG-test-Automation Test-1] INFO com.ui.pages.HomePage::<init>::86 Launching Browser for: CHROME 
2026-05-02 14:52:06 [TestNG-test-Automation Test-3] INFO com.ui.pages.HomePage::goToWebSite::127 Visiting the website: https://automationpractice.techwithjatin.com/ 
2026-05-02 14:52:06 [TestNG-test-Automation Test-5] INFO com.ui.pages.HomePage::goToWebSite::127 Visiting the website: https://automationpractice.techwithjatin.com/ 
2026-05-02 14:52:06 [TestNG-test-Automation Test-2] INFO com.ui.pages.HomePage::goToWebSite::127 Visiting the website: https://automationpractice.techwithjatin.com/ 
2026-05-02 14:52:06 [TestNG-test-Automation Test-4] INFO com.ui.pages.HomePage::goToWebSite::127 Visiting the website: https://automationpractice.techwithjatin.com/ 
2026-05-02 14:52:06 [TestNG-test-Automation Test-1] INFO com.ui.pages.HomePage::goToWebSite::127 Visiting the website: https://automationpractice.techwithjatin.com/ 
2026-05-02 14:52:06 [TestNG-test-Automation Test-4] INFO com.ui.pages.HomePage::maximizeWindow::133 Maximizing browser window 
2026-05-02 14:52:08 [TestNG-test-Automation Test-2] INFO com.ui.pages.HomePage::maximizeWindow::133 Maximizing browser window 
2026-05-02 14:52:08 [TestNG-test-Automation Test-2] INFO com.ui.listners.TestListener::onTestStart::33 loginExcelTest 
2026-05-02 14:52:08 [TestNG-test-Automation Test-2] INFO com.ui.listners.TestListener::onTestStart::34 Verify Invalid user able to login to the application using excel 
2026-05-02 14:52:08 [TestNG-test-Automation Test-2] INFO com.ui.listners.TestListener::onTestStart::35 [smoke, e2e, sanity] 
2026-05-02 14:52:08 [TestNG-test-Automation Test-2] INFO com.ui.tests.InvalidCredsLoginTest::loginExcelTest::22 Started my login excel test 
2026-05-02 14:52:08 [TestNG-test-Automation Test-2] INFO com.ui.pages.HomePage::clickOn::138 Finding element with locator: By.cssSelector: .login 
2026-05-02 14:52:08 [TestNG-test-Automation Test-2] INFO com.ui.pages.HomePage::clickOn::141 Element found and now performing the click 
2026-05-02 14:52:08 [TestNG-test-Automation Test-3] INFO com.ui.pages.HomePage::maximizeWindow::133 Maximizing browser window 
2026-05-02 14:52:08 [TestNG-test-Automation Test-4] INFO com.ui.pages.HomePage::clickOn::138 Finding element with locator: By.cssSelector: .login 
2026-05-02 14:52:08 [TestNG-test-Automation Test-3] INFO com.ui.pages.HomePage::clickOn::138 Finding element with locator: By.cssSelector: .login 
2026-05-02 14:52:08 [TestNG-test-Automation Test-4] INFO com.ui.pages.HomePage::clickOn::141 Element found and now performing the click 
2026-05-02 14:52:08 [TestNG-test-Automation Test-3] INFO com.ui.pages.HomePage::clickOn::141 Element found and now performing the click 
2026-05-02 14:52:08 [TestNG-test-Automation Test-2] INFO com.ui.pages.LoginPage::enterText::199 Finding element with locator: By.id: email 
2026-05-02 14:52:09 [TestNG-test-Automation Test-2] INFO com.ui.pages.LoginPage::enterText::202 Element found and entered text: nithin@gmail.com 
2026-05-02 14:52:09 [TestNG-test-Automation Test-2] INFO com.ui.pages.LoginPage::enterText::199 Finding element with locator: By.id: passwd 
2026-05-02 14:52:09 [TestNG-test-Automation Test-2] INFO com.ui.pages.LoginPage::enterText::202 Element found and entered text: nithin@1233 
2026-05-02 14:52:09 [TestNG-test-Automation Test-2] INFO com.ui.pages.LoginPage::clickOn::138 Finding element with locator: By.id: SubmitLogin 
2026-05-02 14:52:09 [TestNG-test-Automation Test-2] INFO com.ui.pages.LoginPage::clickOn::141 Element found and now performing the click 
2026-05-02 14:52:09 [TestNG-test-Automation Test-3] INFO com.ui.pages.LoginPage::enterText::199 Finding element with locator: By.id: email 
2026-05-02 14:52:09 [TestNG-test-Automation Test-4] INFO com.ui.pages.LoginPage::enterText::199 Finding element with locator: By.id: email 
2026-05-02 14:52:09 [TestNG-test-Automation Test-3] INFO com.ui.pages.LoginPage::enterText::202 Element found and entered text: yatese2929@mugstock.com 
2026-05-02 14:52:09 [TestNG-test-Automation Test-4] INFO com.ui.pages.LoginPage::enterText::202 Element found and entered text: yatese2929@mugstock.com 
2026-05-02 14:52:09 [TestNG-test-Automation Test-3] INFO com.ui.pages.LoginPage::enterText::199 Finding element with locator: By.id: passwd 
2026-05-02 14:52:09 [TestNG-test-Automation Test-4] INFO com.ui.pages.LoginPage::enterText::199 Finding element with locator: By.id: passwd 
2026-05-02 14:52:09 [TestNG-test-Automation Test-2] INFO com.ui.pages.LoginPage::getVisibleText::217 Finding element with locator: By.xpath: .//div[contains(@class,'alert-danger')]/ol/li 
2026-05-02 14:52:09 [TestNG-test-Automation Test-3] INFO com.ui.pages.LoginPage::enterText::202 Element found and entered text: nithin@123 
2026-05-02 14:52:09 [TestNG-test-Automation Test-4] INFO com.ui.pages.LoginPage::enterText::202 Element found and entered text: nithin@123 
2026-05-02 14:52:09 [TestNG-test-Automation Test-2] INFO com.ui.pages.LoginPage::getVisibleText::220 Returning the visible text: Authentication failed. 
2026-05-02 14:52:09 [TestNG-test-Automation Test-2] INFO com.ui.tests.InvalidCredsLoginTest::loginExcelTest::26 login excel test completed 
]]></system-out>
    <system-err><![CDATA[SLF4J(W): No SLF4J providers were found.
SLF4J(W): Defaulting to no-operation (NOP) logger implementation
SLF4J(W): See https://www.slf4j.org/codes.html#noProviders for further details.
]]></system-err>
  </testcase>
  <testcase name="verifyProductSearch" classname="com.ui.tests.SearchProductsTest" time="0.894">
    <system-out><![CDATA[2026-05-02 14:52:09 [TestNG-test-Automation Test-2] INFO com.ui.listners.TestListener::onTestSuccess::40 loginExcelTest PASSED 
2026-05-02 14:52:09 [TestNG-test-Automation Test-3] INFO com.ui.pages.LoginPage::clickOn::138 Finding element with locator: By.id: SubmitLogin 
2026-05-02 14:52:09 [TestNG-test-Automation Test-4] INFO com.ui.pages.LoginPage::clickOn::138 Finding element with locator: By.id: SubmitLogin 
2026-05-02 14:52:09 [TestNG-test-Automation Test-3] INFO com.ui.pages.LoginPage::clickOn::141 Element found and now performing the click 
2026-05-02 14:52:09 [TestNG-test-Automation Test-4] INFO com.ui.pages.LoginPage::clickOn::141 Element found and now performing the click 
2026-05-02 14:52:09 [TestNG-test-Automation Test-5] INFO com.ui.pages.HomePage::maximizeWindow::133 Maximizing browser window 
2026-05-02 14:52:09 [TestNG-test-Automation Test-5] INFO com.ui.pages.HomePage::clickOn::138 Finding element with locator: By.cssSelector: .login 
2026-05-02 14:52:10 [TestNG-test-Automation Test-1] INFO com.ui.pages.HomePage::maximizeWindow::133 Maximizing browser window 
2026-05-02 14:52:10 [TestNG-test-Automation Test-1] INFO com.ui.listners.TestListener::onTestStart::33 loginExcelTest 
2026-05-02 14:52:10 [TestNG-test-Automation Test-1] INFO com.ui.listners.TestListener::onTestStart::34 Verify valid user able to login to the application using excel 
2026-05-02 14:52:10 [TestNG-test-Automation Test-1] INFO com.ui.listners.TestListener::onTestStart::35 [smoke, e2e] 
2026-05-02 14:52:10 [TestNG-test-Automation Test-1] INFO com.ui.tests.LoginTest::loginExcelTest::47 Started my login excel test 
2026-05-02 14:52:10 [TestNG-test-Automation Test-1] INFO com.ui.pages.HomePage::clickOn::138 Finding element with locator: By.cssSelector: .login 
2026-05-02 14:52:10 [TestNG-test-Automation Test-5] INFO com.ui.pages.HomePage::clickOn::141 Element found and now performing the click 
2026-05-02 14:52:10 [TestNG-test-Automation Test-3] INFO com.ui.listners.TestListener::onTestStart::33 verifyProductSearch 
2026-05-02 14:52:10 [TestNG-test-Automation Test-3] INFO com.ui.listners.TestListener::onTestStart::34 Verify loged in user able to search for a product and correct products serach are displayed 
2026-05-02 14:52:10 [TestNG-test-Automation Test-3] INFO com.ui.listners.TestListener::onTestStart::35 [smoke, e2e] 
2026-05-02 14:52:10 [TestNG-test-Automation Test-3] INFO com.ui.pages.MyAccountPage::enterText::199 Finding element with locator: By.id: search_query_top 
2026-05-02 14:52:10 [TestNG-test-Automation Test-1] INFO com.ui.pages.HomePage::clickOn::141 Element found and now performing the click 
2026-05-02 14:52:10 [TestNG-test-Automation Test-3] INFO com.ui.pages.MyAccountPage::enterText::202 Element found and entered text: Printed Summer Dress 
2026-05-02 14:52:10 [TestNG-test-Automation Test-3] INFO com.ui.pages.MyAccountPage::enterSpecialKey::191 Finding element with locator: By.id: search_query_top 
2026-05-02 14:52:10 [TestNG-test-Automation Test-3] INFO com.ui.pages.MyAccountPage::enterSpecialKey::193 Element found and entered text:  
2026-05-02 14:52:10 [TestNG-test-Automation Test-5] INFO com.ui.pages.LoginPage::enterText::199 Finding element with locator: By.id: email 
2026-05-02 14:52:10 [TestNG-test-Automation Test-1] INFO com.ui.pages.LoginPage::enterText::199 Finding element with locator: By.id: email 
2026-05-02 14:52:10 [TestNG-test-Automation Test-5] INFO com.ui.pages.LoginPage::enterText::202 Element found and entered text: yatese2929@mugstock.com 
2026-05-02 14:52:10 [TestNG-test-Automation Test-1] INFO com.ui.pages.LoginPage::enterText::202 Element found and entered text: yatese2929@mugstock.com 
2026-05-02 14:52:10 [TestNG-test-Automation Test-3] INFO com.ui.pages.SearchResultsPage::getAllVisibleText::234 Finding element with locator: By.xpath: //h5[@itemprop='name']/a 
2026-05-02 14:52:10 [TestNG-test-Automation Test-5] INFO com.ui.pages.LoginPage::enterText::199 Finding element with locator: By.id: passwd 
2026-05-02 14:52:10 [TestNG-test-Automation Test-1] INFO com.ui.pages.LoginPage::enterText::199 Finding element with locator: By.id: passwd 
2026-05-02 14:52:10 [TestNG-test-Automation Test-5] INFO com.ui.pages.LoginPage::enterText::202 Element found and entered text: nithin@123 
2026-05-02 14:52:10 [TestNG-test-Automation Test-1] INFO com.ui.pages.LoginPage::enterText::202 Element found and entered text: nithin@123 
2026-05-02 14:52:10 [TestNG-test-Automation Test-3] INFO com.ui.pages.SearchResultsPage::getAllVisibleText::236 Printing the list of elements 
2026-05-02 14:52:10 [TestNG-test-Automation Test-5] INFO com.ui.pages.LoginPage::clickOn::138 Finding element with locator: By.id: SubmitLogin 
2026-05-02 14:52:10 [TestNG-test-Automation Test-3] INFO com.ui.pages.SearchResultsPage::getVisibleText::227 Returning the visible text: Printed Summer Dress 
2026-05-02 14:52:10 [TestNG-test-Automation Test-3] INFO com.ui.pages.SearchResultsPage::getVisibleText::227 Returning the visible text: Printed Summer Dress 
2026-05-02 14:52:10 [TestNG-test-Automation Test-5] INFO com.ui.pages.LoginPage::clickOn::141 Element found and now performing the click 
2026-05-02 14:52:10 [TestNG-test-Automation Test-1] INFO com.ui.pages.LoginPage::clickOn::138 Finding element with locator: By.id: SubmitLogin 
2026-05-02 14:52:10 [TestNG-test-Automation Test-3] INFO com.ui.pages.SearchResultsPage::getVisibleText::227 Returning the visible text: Printed Chiffon Dress 
2026-05-02 14:52:10 [TestNG-test-Automation Test-1] INFO com.ui.pages.LoginPage::clickOn::141 Element found and now performing the click 
2026-05-02 14:52:10 [TestNG-test-Automation Test-3] INFO com.ui.pages.SearchResultsPage::getVisibleText::227 Returning the visible text: Printed Dress 
2026-05-02 14:52:10 [TestNG-test-Automation Test-3] INFO com.ui.pages.SearchResultsPage::getVisibleText::227 Returning the visible text: Printed Dress 
2026-05-02 14:52:10 [TestNG-test-Automation Test-3] INFO com.ui.pages.SearchResultsPage::getVisibleText::227 Returning the visible text: Faded Short Sleeves T-shirt 
2026-05-02 14:52:10 [TestNG-test-Automation Test-3] INFO com.ui.pages.SearchResultsPage::getVisibleText::227 Returning the visible text: Blouse 
]]></system-out>
  </testcase>
  <testcase name="loginExcelTest[Users [email=yatese2929@mugstock.com, password=nithin@123]](1)" classname="com.ui.tests.LoginTest" time="0.249">
    <system-out><![CDATA[2026-05-02 14:52:10 [TestNG-test-Automation Test-3] INFO com.ui.listners.TestListener::onTestSuccess::40 verifyProductSearch PASSED 
2026-05-02 14:52:11 [TestNG-test-Automation Test-5] INFO com.ui.pages.MyAccountPage::enterText::199 Finding element with locator: By.id: search_query_top 
2026-05-02 14:52:11 [TestNG-test-Automation Test-5] INFO com.ui.pages.MyAccountPage::enterText::202 Element found and entered text: Printed Summer Dress 
2026-05-02 14:52:11 [TestNG-test-Automation Test-4] INFO com.ui.listners.TestListener::onTestStart::33 addNewAdress 
2026-05-02 14:52:11 [TestNG-test-Automation Test-4] INFO com.ui.listners.TestListener::onTestStart::34  
2026-05-02 14:52:11 [TestNG-test-Automation Test-4] INFO com.ui.listners.TestListener::onTestStart::35 [] 
2026-05-02 14:52:11 [TestNG-test-Automation Test-4] INFO com.ui.pages.MyAccountPage::clickOn::138 Finding element with locator: By.xpath: //a[@title='Add my first address'] 
2026-05-02 14:52:11 [TestNG-test-Automation Test-1] INFO com.ui.pages.MyAccountPage::getVisibleText::217 Finding element with locator: By.cssSelector: a.account > :first-child 
2026-05-02 14:52:11 [TestNG-test-Automation Test-5] INFO com.ui.pages.MyAccountPage::enterSpecialKey::191 Finding element with locator: By.id: search_query_top 
2026-05-02 14:52:11 [TestNG-test-Automation Test-5] INFO com.ui.pages.MyAccountPage::enterSpecialKey::193 Element found and entered text:  
2026-05-02 14:52:11 [TestNG-test-Automation Test-5] INFO com.ui.listners.TestListener::onTestStart::33 checkOutTest 
2026-05-02 14:52:11 [TestNG-test-Automation Test-5] INFO com.ui.listners.TestListener::onTestStart::34 Verify a logged in user able to buy a dress 
2026-05-02 14:52:11 [TestNG-test-Automation Test-5] INFO com.ui.listners.TestListener::onTestStart::35 [smoke, e2e, sanity] 
2026-05-02 14:52:11 [TestNG-test-Automation Test-5] INFO com.ui.pages.SearchResultsPage::getAllElements::250 Finding element with locator: By.xpath: //h5[@itemprop='name']/a 
2026-05-02 14:52:11 [TestNG-test-Automation Test-1] INFO com.ui.pages.MyAccountPage::getVisibleText::220 Returning the visible text: Nithin P 
2026-05-02 14:52:11 [TestNG-test-Automation Test-1] INFO com.ui.tests.LoginTest::loginExcelTest::50 login excel test completed 
]]></system-out>
  </testcase>
  <testcase name="loginExcelTest[Users [email=yatese2929@mugstock.com, password=nithin@123]](2)" classname="com.ui.tests.LoginTest" time="0.792">
    <system-out><![CDATA[2026-05-02 14:52:14 [TestNG-test-Automation Test-5] INFO com.ui.listners.TestListener::onTestSuccess::40 checkOutTest PASSED 
2026-05-02 14:52:15 [TestNG-test-Automation Test-1] INFO com.ui.pages.HomePage::maximizeWindow::133 Maximizing browser window 
2026-05-02 14:52:15 [TestNG-test-Automation Test-1] INFO com.ui.listners.TestListener::onTestStart::33 loginExcelTest 
2026-05-02 14:52:15 [TestNG-test-Automation Test-1] INFO com.ui.listners.TestListener::onTestStart::34 Verify valid user able to login to the application using excel 
2026-05-02 14:52:15 [TestNG-test-Automation Test-1] INFO com.ui.listners.TestListener::onTestStart::35 [smoke, e2e] 
2026-05-02 14:52:15 [TestNG-test-Automation Test-1] INFO com.ui.tests.LoginTest::loginExcelTest::47 Started my login excel test 
2026-05-02 14:52:15 [TestNG-test-Automation Test-1] INFO com.ui.pages.HomePage::clickOn::138 Finding element with locator: By.cssSelector: .login 
2026-05-02 14:52:15 [TestNG-test-Automation Test-1] INFO com.ui.pages.HomePage::clickOn::141 Element found and now performing the click 
2026-05-02 14:52:15 [TestNG-test-Automation Test-1] INFO com.ui.pages.LoginPage::enterText::199 Finding element with locator: By.id: email 
2026-05-02 14:52:15 [TestNG-test-Automation Test-1] INFO com.ui.pages.LoginPage::enterText::202 Element found and entered text: yatese2929@mugstock.com 
2026-05-02 14:52:15 [TestNG-test-Automation Test-1] INFO com.ui.pages.LoginPage::enterText::199 Finding element with locator: By.id: passwd 
2026-05-02 14:52:15 [TestNG-test-Automation Test-1] INFO com.ui.pages.LoginPage::enterText::202 Element found and entered text: nithin@123 
2026-05-02 14:52:15 [TestNG-test-Automation Test-1] INFO com.ui.pages.LoginPage::clickOn::138 Finding element with locator: By.id: SubmitLogin 
2026-05-02 14:52:15 [TestNG-test-Automation Test-1] INFO com.ui.pages.LoginPage::clickOn::141 Element found and now performing the click 
2026-05-02 14:52:15 [TestNG-test-Automation Test-1] INFO com.ui.pages.MyAccountPage::getVisibleText::217 Finding element with locator: By.cssSelector: a.account > :first-child 
2026-05-02 14:52:15 [TestNG-test-Automation Test-1] INFO com.ui.pages.MyAccountPage::getVisibleText::220 Returning the visible text: Nithin P 
2026-05-02 14:52:15 [TestNG-test-Automation Test-1] INFO com.ui.tests.LoginTest::loginExcelTest::50 login excel test completed 
]]></system-out>
  </testcase>
  <testcase name="checkOutTest" classname="com.ui.tests.ProductCheckOutTest" time="3.393">
    <system-out><![CDATA[2026-05-02 14:52:11 [TestNG-test-Automation Test-1] INFO com.ui.listners.TestListener::onTestSuccess::40 loginExcelTest PASSED 
2026-05-02 14:52:12 [TestNG-test-Automation Test-5] INFO com.ui.pages.SearchResultsPage::getAllElements::252 returning the list of elements 
2026-05-02 14:52:12 [TestNG-test-Automation Test-5] INFO com.ui.pages.SearchResultsPage::clickOn::186 Finding element and clicking 
2026-05-02 14:52:12 [TestNG-test-Automation Test-5] INFO com.ui.pages.ProductDetailPage::selectFromDropDown::269 Finding element with locator: By.id: group_1 
2026-05-02 14:52:12 [TestNG-test-Automation Test-5] INFO com.ui.pages.ProductDetailPage::selectFromDropDown::273 Selecting the option: L 
2026-05-02 14:52:12 [TestNG-test-Automation Test-5] INFO com.ui.pages.ProductDetailPage::clickOn::138 Finding element with locator: By.xpath: //button[@class='exclusive'] 
2026-05-02 14:52:12 [TestNG-test-Automation Test-5] INFO com.ui.pages.ProductDetailPage::clickOn::141 Element found and now performing the click 
2026-05-02 14:52:12 [TestNG-test-Automation Test-5] INFO com.ui.pages.ProductDetailPage::clickOn::138 Finding element with locator: By.xpath: //a[@title='Proceed to checkout'] 
2026-05-02 14:52:12 [TestNG-test-Automation Test-1] INFO com.ui.tests.LoginTest::setUp::38 Loads the Home Page of the Website 
2026-05-02 14:52:12 [TestNG-test-Automation Test-1] INFO com.ui.pages.HomePage::<init>::86 Launching Browser for: CHROME 
2026-05-02 14:52:13 [TestNG-test-Automation Test-5] INFO com.ui.pages.ProductDetailPage::clickOn::141 Element found and now performing the click 
2026-05-02 14:52:13 [TestNG-test-Automation Test-1] INFO com.ui.pages.HomePage::goToWebSite::127 Visiting the website: https://automationpractice.techwithjatin.com/ 
2026-05-02 14:52:13 [TestNG-test-Automation Test-5] INFO com.ui.pages.ShopingCartPage::scrollToElement::176 Finding element with locator: By.xpath: //p[contains(@class,'cart_navigation')]/a[@title='Proceed to checkout'] 
2026-05-02 14:52:13 [TestNG-test-Automation Test-5] INFO com.ui.pages.ShopingCartPage::scrollToElement::179 Scrolling into the element: By.xpath: //p[contains(@class,'cart_navigation')]/a[@title='Proceed to checkout'] 
2026-05-02 14:52:13 [TestNG-test-Automation Test-5] INFO com.ui.pages.ShopingCartPage::scrollToElement::181 Scrolled into the element and proceeding  with the next operation 
2026-05-02 14:52:13 [TestNG-test-Automation Test-5] INFO com.ui.pages.ShopingCartPage::clickOn::138 Finding element with locator: By.xpath: //p[contains(@class,'cart_navigation')]/a[@title='Proceed to checkout'] 
2026-05-02 14:52:13 [TestNG-test-Automation Test-5] INFO com.ui.pages.ShopingCartPage::clickOn::141 Element found and now performing the click 
2026-05-02 14:52:13 [TestNG-test-Automation Test-5] INFO com.ui.pages.ConfirmAddressPage::scrollToElement::176 Finding element with locator: By.xpath: //button[@name='processAddress'] 
2026-05-02 14:52:14 [TestNG-test-Automation Test-5] INFO com.ui.pages.ConfirmAddressPage::scrollToElement::179 Scrolling into the element: By.xpath: //button[@name='processAddress'] 
2026-05-02 14:52:14 [TestNG-test-Automation Test-5] INFO com.ui.pages.ConfirmAddressPage::scrollToElement::181 Scrolled into the element and proceeding  with the next operation 
2026-05-02 14:52:14 [TestNG-test-Automation Test-5] INFO com.ui.pages.ConfirmAddressPage::clickOn::138 Finding element with locator: By.xpath: //button[@name='processAddress'] 
2026-05-02 14:52:14 [TestNG-test-Automation Test-5] INFO com.ui.pages.ConfirmAddressPage::clickOn::141 Element found and now performing the click 
2026-05-02 14:52:14 [TestNG-test-Automation Test-5] INFO com.ui.pages.ShippingPage::clickOnCheckBox::146 Finding element with locator: By.id: uniform-cgv 
2026-05-02 14:52:14 [TestNG-test-Automation Test-5] INFO com.ui.pages.ShippingPage::clickOnCheckBox::149 Element found and now performing the click 
2026-05-02 14:52:14 [TestNG-test-Automation Test-5] INFO com.ui.pages.ShippingPage::clickOn::138 Finding element with locator: By.xpath: //button[@name='processCarrier'] 
2026-05-02 14:52:14 [TestNG-test-Automation Test-5] INFO com.ui.pages.ShippingPage::clickOn::141 Element found and now performing the click 
2026-05-02 14:52:14 [TestNG-test-Automation Test-5] INFO com.ui.pages.PaymentPage::getVisibleText::217 Finding element with locator: By.xpath: //p[contains(@class,'alert-warning')] 
2026-05-02 14:52:14 [TestNG-test-Automation Test-5] INFO com.ui.pages.PaymentPage::getVisibleText::220 Returning the visible text: No payment modules have been installed. 
]]></system-out>
  </testcase>
  <testcase name="addNewAdress" classname="com.ui.tests.AddNewFirstAddressTest" time="11.307">
    <failure message="Expected condition failed: waiting for element found by By.xpath: //a[@title=&apos;Add my first address&apos;] to be clickable, but the element was not found: org.openqa.selenium.NoSuchElementException: no such element: Unable to locate element: {&quot;method&quot;:&quot;xpath&quot;,&quot;selector&quot;:&quot;//a[@title=&apos;Add my first address&apos;]&quot;}.&#10;(tried for 15 seconds with 500 milliseconds interval)&#10;Build info: version: &apos;4.43.0&apos;, revision: &apos;dd0f534&apos;&#10;System info: os.name: &apos;Windows 11&apos;, os.arch: &apos;amd64&apos;, os.version: &apos;10.0&apos;, java.version: &apos;25&apos;&#10;Driver info: org.openqa.selenium.chrome.ChromeDriver&#10;Capabilities {acceptInsecureCerts: false, browserName: chrome, browserVersion: 147.0.7727.138, chrome: {chromedriverVersion: 147.0.7727.117 (474cc805edd..., userDataDir: C:\Users\nithi\AppData\Loca...}, fedcm:accounts: true, goog:chromeOptions: {debuggerAddress: localhost:55065}, goog:processID: 50944, networkConnectionEnabled: false, pageLoadStrategy: normal, platformName: windows, proxy: Proxy(), se:cdp: ws://localhost:55065/devtoo..., se:cdpVersion: 147.0.7727.138, setWindowRect: true, strictFileInteractability: false, timeouts: {implicit: 0, pageLoad: 300000, script: 30000}, unhandledPromptBehavior: dismiss and notify, webauthn:extension:credBlob: true, webauthn:extension:largeBlob: true, webauthn:extension:minPinLength: true, webauthn:extension:prf: true, webauthn:virtualAuthenticators: true}&#10;Session ID: 4902140c0f19f9971a89a6f6aafc4a7a" type="org.openqa.selenium.TimeoutException"><![CDATA[org.openqa.selenium.TimeoutException: 
Expected condition failed: waiting for element found by By.xpath: //a[@title='Add my first address'] to be clickable, but the element was not found: org.openqa.selenium.NoSuchElementException: no such element: Unable to locate element: {"method":"xpath","selector":"//a[@title='Add my first address']"}.
(tried for 15 seconds with 500 milliseconds interval)
Build info: version: '4.43.0', revision: 'dd0f534'
System info: os.name: 'Windows 11', os.arch: 'amd64', os.version: '10.0', java.version: '25'
Driver info: org.openqa.selenium.chrome.ChromeDriver
Capabilities {acceptInsecureCerts: false, browserName: chrome, browserVersion: 147.0.7727.138, chrome: {chromedriverVersion: 147.0.7727.117 (474cc805edd..., userDataDir: C:\Users\nithi\AppData\Loca...}, fedcm:accounts: true, goog:chromeOptions: {debuggerAddress: localhost:55065}, goog:processID: 50944, networkConnectionEnabled: false, pageLoadStrategy: normal, platformName: windows, proxy: Proxy(), se:cdp: ws://localhost:55065/devtoo..., se:cdpVersion: 147.0.7727.138, setWindowRect: true, strictFileInteractability: false, timeouts: {implicit: 0, pageLoad: 300000, script: 30000}, unhandledPromptBehavior: dismiss and notify, webauthn:extension:credBlob: true, webauthn:extension:largeBlob: true, webauthn:extension:minPinLength: true, webauthn:extension:prf: true, webauthn:virtualAuthenticators: true}
Session ID: 4902140c0f19f9971a89a6f6aafc4a7a
	at org.openqa.selenium.support.ui.WebDriverWait.timeoutException(WebDriverWait.java:85)
	at org.openqa.selenium.support.ui.FluentWait.until(FluentWait.java:234)
	at com.utility.BrowserUtility.clickOn(BrowserUtility.java:140)
	at com.ui.pages.MyAccountPage.goToAddAddressPage(MyAccountPage.java:32)
	at com.ui.tests.AddNewFirstAddressTest.addNewAdress(AddNewFirstAddressTest.java:30)
	at java.base/jdk.internal.reflect.DirectMethodHandleAccessor.invoke(DirectMethodHandleAccessor.java:104)
	at java.base/java.lang.reflect.Method.invoke(Method.java:565)
	at org.testng.internal.invokers.MethodInvocationHelper.invokeMethod(MethodInvocationHelper.java:141)
	at org.testng.internal.invokers.TestInvoker.invokeMethod(TestInvoker.java:697)
	at org.testng.internal.invokers.TestInvoker.invokeTestMethod(TestInvoker.java:230)
	at org.testng.internal.invokers.MethodRunner.runInSequence(MethodRunner.java:63)
	at org.testng.internal.invokers.TestInvoker$MethodInvocationAgent.invoke(TestInvoker.java:1005)
	at org.testng.internal.invokers.TestInvoker.invokeTestMethods(TestInvoker.java:203)
	at org.testng.internal.invokers.TestMethodWorker.invokeTestMethods(TestMethodWorker.java:154)
	at org.testng.internal.invokers.TestMethodWorker.run(TestMethodWorker.java:134)
	at java.base/java.util.concurrent.Executors$RunnableAdapter.call(Executors.java:545)
	at java.base/java.util.concurrent.FutureTask.run(FutureTask.java:328)
	at org.testng.internal.thread.graph.TestNGFutureTask.run(TestNGFutureTask.java:22)
	at java.base/java.util.concurrent.ThreadPoolExecutor.runWorker(ThreadPoolExecutor.java:1090)
	at java.base/java.util.concurrent.ThreadPoolExecutor$Worker.run(ThreadPoolExecutor.java:614)
	at java.base/java.lang.Thread.run(Thread.java:1474)
]]></failure>
    <system-out><![CDATA[2026-05-02 14:52:15 [TestNG-test-Automation Test-1] INFO com.ui.listners.TestListener::onTestSuccess::40 loginExcelTest PASSED 
]]></system-out>
  </testcase>
</testsuite>