<?xml version="1.0" encoding="UTF-8"?>
<testng-results ignored="0" total="6" passed="5" failed="1" skipped="0">
  <reporter-output>
  </reporter-output>
  <suite started-at="2026-05-02T14:47:33 IST" name="Automation Suite" finished-at="2026-05-02T14:48:06 IST" duration-ms="32943">
    <groups>
      <group name="smoke">
        <method signature="InvalidCredsLoginTest.loginExcelTest()[pri:0, instance:com.ui.tests.InvalidCredsLoginTest@7966baa7]" name="loginExcelTest" class="com.ui.tests.InvalidCredsLoginTest"/>
        <method signature="LoginTest.loginExcelTest(com.ui.pojo.Users)[pri:0, instance:com.ui.tests.LoginTest@158a3b2e]" name="loginExcelTest" class="com.ui.tests.LoginTest"/>
        <method signature="ProductCheckOutTest.checkOutTest()[pri:0, instance:com.ui.tests.ProductCheckOutTest@3d9f6567]" name="checkOutTest" class="com.ui.tests.ProductCheckOutTest"/>
        <method signature="SearchProductsTest.verifyProductSearch()[pri:0, instance:com.ui.tests.SearchProductsTest@1253e7cb]" name="verifyProductSearch" class="com.ui.tests.SearchProductsTest"/>
      </group> <!-- smoke -->
      <group name="sanity">
        <method signature="InvalidCredsLoginTest.loginExcelTest()[pri:0, instance:com.ui.tests.InvalidCredsLoginTest@7966baa7]" name="loginExcelTest" class="com.ui.tests.InvalidCredsLoginTest"/>
        <method signature="ProductCheckOutTest.checkOutTest()[pri:0, instance:com.ui.tests.ProductCheckOutTest@3d9f6567]" name="checkOutTest" class="com.ui.tests.ProductCheckOutTest"/>
      </group> <!-- sanity -->
      <group name="e2e">
        <method signature="InvalidCredsLoginTest.loginExcelTest()[pri:0, instance:com.ui.tests.InvalidCredsLoginTest@7966baa7]" name="loginExcelTest" class="com.ui.tests.InvalidCredsLoginTest"/>
        <method signature="LoginTest.loginExcelTest(com.ui.pojo.Users)[pri:0, instance:com.ui.tests.LoginTest@158a3b2e]" name="loginExcelTest" class="com.ui.tests.LoginTest"/>
        <method signature="ProductCheckOutTest.checkOutTest()[pri:0, instance:com.ui.tests.ProductCheckOutTest@3d9f6567]" name="checkOutTest" class="com.ui.tests.ProductCheckOutTest"/>
        <method signature="SearchProductsTest.verifyProductSearch()[pri:0, instance:com.ui.tests.SearchProductsTest@1253e7cb]" name="verifyProductSearch" class="com.ui.tests.SearchProductsTest"/>
      </group> <!-- e2e -->
    </groups>
    <test started-at="2026-05-02T14:47:33 IST" name="Automation Test" finished-at="2026-05-02T14:48:06 IST" duration-ms="32943">
      <class name="com.ui.tests.ProductCheckOutTest">
        <test-method is-config="true" signature="setUp(java.lang.String,boolean,boolean,org.testng.ITestResult)[pri:0, instance:com.ui.tests.ProductCheckOutTest@3d9f6567]" started-at="2026-05-02T14:47:33 IST" name="setUp" description="Loads the Home Page of the Website" finished-at="2026-05-02T14:47:37 IST" duration-ms="3416" status="PASS">
          <params>
            <param index="0">
              <value>
                <![CDATA[${browser}]]>
              </value>
            </param>
            <param index="1">
              <value>
                <![CDATA[false]]>
              </value>
            </param>
            <param index="2">
              <value>
                <![CDATA[false]]>
              </value>
            </param>
            <param index="3">
              <value>
                <![CDATA[[TestResult name={null} status=CREATED method=ProductCheckOutTest.checkOutTest()[pri:0, instance:com.ui.tests.ProductCheckOutTest@3d9f6567] output={null}]]]>
              </value>
            </param>
          </params>
          <reporter-output>
          </reporter-output>
        </test-method> <!-- setUp -->
        <test-method is-config="true" signature="setUp()[pri:0, instance:com.ui.tests.ProductCheckOutTest@3d9f6567]" started-at="2026-05-02T14:47:37 IST" name="setUp" description="Valid user logs into the application and searches for a product" finished-at="2026-05-02T14:47:46 IST" duration-ms="9473" status="PASS">
          <reporter-output>
          </reporter-output>
        </test-method> <!-- setUp -->
        <test-method signature="checkOutTest()[pri:0, instance:com.ui.tests.ProductCheckOutTest@3d9f6567]" started-at="2026-05-02T14:47:46 IST" name="checkOutTest" description="Verify a logged in user able to buy a dress" finished-at="2026-05-02T14:47:51 IST" duration-ms="4589" status="PASS">
          <reporter-output>
          </reporter-output>
        </test-method> <!-- checkOutTest -->
        <test-method is-config="true" signature="tearDown()[pri:0, instance:com.ui.tests.ProductCheckOutTest@3d9f6567]" started-at="2026-05-02T14:47:51 IST" name="tearDown" description="Tear down the browser" finished-at="2026-05-02T14:47:53 IST" duration-ms="2050" status="PASS">
          <reporter-output>
          </reporter-output>
        </test-method> <!-- tearDown -->
      </class> <!-- com.ui.tests.ProductCheckOutTest -->
      <class name="com.ui.tests.SearchProductsTest">
        <test-method is-config="true" signature="setUp(java.lang.String,boolean,boolean,org.testng.ITestResult)[pri:0, instance:com.ui.tests.SearchProductsTest@1253e7cb]" started-at="2026-05-02T14:47:33 IST" name="setUp" description="Loads the Home Page of the Website" finished-at="2026-05-02T14:47:40 IST" duration-ms="6403" status="PASS">
          <params>
            <param index="0">
              <value>
                <![CDATA[${browser}]]>
              </value>
            </param>
            <param index="1">
              <value>
                <![CDATA[false]]>
              </value>
            </param>
            <param index="2">
              <value>
                <![CDATA[false]]>
              </value>
            </param>
            <param index="3">
              <value>
                <![CDATA[[TestResult name={null} status=CREATED method=SearchProductsTest.verifyProductSearch()[pri:0, instance:com.ui.tests.SearchProductsTest@1253e7cb] output={null}]]]>
              </value>
            </param>
          </params>
          <reporter-output>
          </reporter-output>
        </test-method> <!-- setUp -->
        <test-method is-config="true" signature="setUp()[pri:0, instance:com.ui.tests.SearchProductsTest@1253e7cb]" started-at="2026-05-02T14:47:40 IST" name="setUp" description="Valid user logs into the application" finished-at="2026-05-02T14:47:44 IST" duration-ms="4052" status="PASS">
          <reporter-output>
          </reporter-output>
        </test-method> <!-- setUp -->
        <test-method signature="verifyProductSearch()[pri:0, instance:com.ui.tests.SearchProductsTest@1253e7cb]" started-at="2026-05-02T14:47:44 IST" name="verifyProductSearch" description="Verify loged in user able to search for a product and correct products serach are displayed" finished-at="2026-05-02T14:47:47 IST" duration-ms="2764" status="PASS">
          <reporter-output>
          </reporter-output>
        </test-method> <!-- verifyProductSearch -->
        <test-method is-config="true" signature="tearDown()[pri:0, instance:com.ui.tests.SearchProductsTest@1253e7cb]" started-at="2026-05-02T14:47:47 IST" name="tearDown" description="Tear down the browser" finished-at="2026-05-02T14:47:52 IST" duration-ms="5565" status="PASS">
          <reporter-output>
          </reporter-output>
        </test-method> <!-- tearDown -->
      </class> <!-- com.ui.tests.SearchProductsTest -->
      <class name="com.ui.tests.AddNewFirstAddressTest">
        <test-method is-config="true" signature="setUp(java.lang.String,boolean,boolean,org.testng.ITestResult)[pri:0, instance:com.ui.tests.AddNewFirstAddressTest@119020fb]" started-at="2026-05-02T14:47:33 IST" name="setUp" description="Loads the Home Page of the Website" finished-at="2026-05-02T14:47:39 IST" duration-ms="5216" status="PASS">
          <params>
            <param index="0">
              <value>
                <![CDATA[${browser}]]>
              </value>
            </param>
            <param index="1">
              <value>
                <![CDATA[false]]>
              </value>
            </param>
            <param index="2">
              <value>
                <![CDATA[false]]>
              </value>
            </param>
            <param index="3">
              <value>
                <![CDATA[[TestResult name={null} status=CREATED method=AddNewFirstAddressTest.addNewAdress()[pri:0, instance:com.ui.tests.AddNewFirstAddressTest@119020fb] output={null}]]]>
              </value>
            </param>
          </params>
          <reporter-output>
          </reporter-output>
        </test-method> <!-- setUp -->
        <test-method is-config="true" signature="setUp()[pri:0, instance:com.ui.tests.AddNewFirstAddressTest@119020fb]" started-at="2026-05-02T14:47:39 IST" name="setUp" description="Valid user logs into the application" finished-at="2026-05-02T14:47:50 IST" duration-ms="11624" status="PASS">
          <reporter-output>
          </reporter-output>
        </test-method> <!-- setUp -->
        <test-method signature="addNewAdress()[pri:0, instance:com.ui.tests.AddNewFirstAddressTest@119020fb]" started-at="2026-05-02T14:47:50 IST" name="addNewAdress" finished-at="2026-05-02T14:48:06 IST" duration-ms="15382" status="FAIL">
          <exception class="org.openqa.selenium.TimeoutException">
            <message>
              <![CDATA[Expected condition failed: waiting for element found by By.xpath: //a[@title='Add my first address'] to be clickable, but the element was not found: org.openqa.selenium.NoSuchElementException: no such element: Unable to locate element: {"method":"xpath","selector":"//a[@title='Add my first address']"}.
(tried for 15 seconds with 500 milliseconds interval)
Build info: version: '4.43.0', revision: 'dd0f534'
System info: os.name: 'Windows 11', os.arch: 'amd64', os.version: '10.0', java.version: '21.0.10'
Driver info: org.openqa.selenium.edge.EdgeDriver
Capabilities {acceptInsecureCerts: false, browserName: MicrosoftEdge, browserVersion: 147.0.3912.98, fedcm:accounts: true, goog:processID: 30996, ms:edgeOptions: {debuggerAddress: localhost:54369}, msedge: {msedgedriverVersion: 147.0.3912.98 (6cae4df1a4ff..., userDataDir: C:\Users\nithi\AppData\Loca...}, networkConnectionEnabled: false, pageLoadStrategy: normal, platformName: windows, proxy: Proxy(), se:cdp: ws://localhost:54369/devtoo..., se:cdpVersion: 147.0.3912.98, setWindowRect: true, strictFileInteractability: false, timeouts: {implicit: 0, pageLoad: 300000, script: 30000}, unhandledPromptBehavior: dismiss and notify, webauthn:extension:credBlob: true, webauthn:extension:largeBlob: true, webauthn:extension:minPinLength: true, webauthn:extension:prf: true, webauthn:virtualAuthenticators: true}
Session ID: 9db95fceb01d373b4b285def65b8810d]]>
            </message>
            <full-stacktrace>
              <![CDATA[org.openqa.selenium.TimeoutException: Expected condition failed: waiting for element found by By.xpath: //a[@title='Add my first address'] to be clickable, but the element was not found: org.openqa.selenium.NoSuchElementException: no such element: Unable to locate element: {"method":"xpath","selector":"//a[@title='Add my first address']"}.
(tried for 15 seconds with 500 milliseconds interval)
Build info: version: '4.43.0', revision: 'dd0f534'
System info: os.name: 'Windows 11', os.arch: 'amd64', os.version: '10.0', java.version: '21.0.10'
Driver info: org.openqa.selenium.edge.EdgeDriver
Capabilities {acceptInsecureCerts: false, browserName: MicrosoftEdge, browserVersion: 147.0.3912.98, fedcm:accounts: true, goog:processID: 30996, ms:edgeOptions: {debuggerAddress: localhost:54369}, msedge: {msedgedriverVersion: 147.0.3912.98 (6cae4df1a4ff..., userDataDir: C:\Users\nithi\AppData\Loca...}, networkConnectionEnabled: false, pageLoadStrategy: normal, platformName: windows, proxy: Proxy(), se:cdp: ws://localhost:54369/devtoo..., se:cdpVersion: 147.0.3912.98, setWindowRect: true, strictFileInteractability: false, timeouts: {implicit: 0, pageLoad: 300000, script: 30000}, unhandledPromptBehavior: dismiss and notify, webauthn:extension:credBlob: true, webauthn:extension:largeBlob: true, webauthn:extension:minPinLength: true, webauthn:extension:prf: true, webauthn:virtualAuthenticators: true}
Session ID: 9db95fceb01d373b4b285def65b8810d
at org.openqa.selenium.support.ui.WebDriverWait.timeoutException(WebDriverWait.java:85)
at org.openqa.selenium.support.ui.FluentWait.until(FluentWait.java:234)
at com.utility.BrowserUtility.clickOn(BrowserUtility.java:140)
at com.ui.pages.MyAccountPage.goToAddAddressPage(MyAccountPage.java:32)
at com.ui.tests.AddNewFirstAddressTest.addNewAdress(AddNewFirstAddressTest.java:30)
at java.base/jdk.internal.reflect.DirectMethodHandleAccessor.invoke(DirectMethodHandleAccessor.java:103)
at java.base/java.lang.reflect.Method.invoke(Method.java:580)
at org.testng.internal.invokers.MethodInvocationHelper.invokeMethod(MethodInvocationHelper.java:141)
at org.testng.internal.invokers.TestInvoker.invokeMethod(TestInvoker.java:697)
at org.testng.internal.invokers.TestInvoker.invokeTestMethod(TestInvoker.java:230)
at org.testng.internal.invokers.MethodRunner.runInSequence(MethodRunner.java:63)
at org.testng.internal.invokers.TestInvoker$MethodInvocationAgent.invoke(TestInvoker.java:1005)
at org.testng.internal.invokers.TestInvoker.invokeTestMethods(TestInvoker.java:203)
at org.testng.internal.invokers.TestMethodWorker.invokeTestMethods(TestMethodWorker.java:154)
at org.testng.internal.invokers.TestMethodWorker.run(TestMethodWorker.java:134)
at java.base/java.util.concurrent.Executors$RunnableAdapter.call(Executors.java:572)
at java.base/java.util.concurrent.FutureTask.run(FutureTask.java:317)
at org.testng.internal.thread.graph.TestNGFutureTask.run(TestNGFutureTask.java:22)
at java.base/java.util.concurrent.ThreadPoolExecutor.runWorker(ThreadPoolExecutor.java:1144)
at java.base/java.util.concurrent.ThreadPoolExecutor$Worker.run(ThreadPoolExecutor.java:642)
at java.base/java.lang.Thread.run(Thread.java:1583)
]]>
            </full-stacktrace>
          </exception> <!-- org.openqa.selenium.TimeoutException -->
          <reporter-output>
          </reporter-output>
        </test-method> <!-- addNewAdress -->
        <test-method is-config="true" signature="tearDown()[pri:0, instance:com.ui.tests.AddNewFirstAddressTest@119020fb]" started-at="2026-05-02T14:48:06 IST" name="tearDown" description="Tear down the browser" finished-at="2026-05-02T14:48:06 IST" duration-ms="318" status="PASS">
          <reporter-output>
          </reporter-output>
        </test-method> <!-- tearDown -->
      </class> <!-- com.ui.tests.AddNewFirstAddressTest -->
      <class name="com.ui.tests.InvalidCredsLoginTest">
        <test-method is-config="true" signature="setUp(java.lang.String,boolean,boolean,org.testng.ITestResult)[pri:0, instance:com.ui.tests.InvalidCredsLoginTest@7966baa7]" started-at="2026-05-02T14:47:33 IST" name="setUp" description="Loads the Home Page of the Website" finished-at="2026-05-02T14:47:38 IST" duration-ms="4212" status="PASS">
          <params>
            <param index="0">
              <value>
                <![CDATA[${browser}]]>
              </value>
            </param>
            <param index="1">
              <value>
                <![CDATA[false]]>
              </value>
            </param>
            <param index="2">
              <value>
                <![CDATA[false]]>
              </value>
            </param>
            <param index="3">
              <value>
                <![CDATA[[TestResult name={null} status=CREATED method=InvalidCredsLoginTest.loginExcelTest()[pri:0, instance:com.ui.tests.InvalidCredsLoginTest@7966baa7] output={null}]]]>
              </value>
            </param>
          </params>
          <reporter-output>
          </reporter-output>
        </test-method> <!-- setUp -->
        <test-method signature="loginExcelTest()[pri:0, instance:com.ui.tests.InvalidCredsLoginTest@7966baa7]" started-at="2026-05-02T14:47:38 IST" name="loginExcelTest" description="Verify Invalid user able to login to the application using excel" finished-at="2026-05-02T14:47:48 IST" duration-ms="10047" status="PASS">
          <reporter-output>
          </reporter-output>
        </test-method> <!-- loginExcelTest -->
        <test-method is-config="true" signature="tearDown()[pri:0, instance:com.ui.tests.InvalidCredsLoginTest@7966baa7]" started-at="2026-05-02T14:47:48 IST" name="tearDown" description="Tear down the browser" finished-at="2026-05-02T14:47:53 IST" duration-ms="5033" status="PASS">
          <reporter-output>
          </reporter-output>
        </test-method> <!-- tearDown -->
      </class> <!-- com.ui.tests.InvalidCredsLoginTest -->
      <class name="com.ui.tests.LoginTest">
        <test-method is-config="true" signature="setUp(java.lang.String,boolean,boolean,org.testng.ITestResult)[pri:0, instance:com.ui.tests.LoginTest@158a3b2e]" started-at="2026-05-02T14:47:34 IST" name="setUp" description="Loads the Home Page of the Website" finished-at="2026-05-02T14:47:41 IST" duration-ms="6427" status="PASS">
          <params>
            <param index="0">
              <value>
                <![CDATA[${browser}]]>
              </value>
            </param>
            <param index="1">
              <value>
                <![CDATA[false]]>
              </value>
            </param>
            <param index="2">
              <value>
                <![CDATA[false]]>
              </value>
            </param>
            <param index="3">
              <value>
                <![CDATA[[TestResult name={null} status=CREATED method=LoginTest.loginExcelTest(com.ui.pojo.Users)[pri:0, instance:com.ui.tests.LoginTest@158a3b2e] output={null}]]]>
              </value>
            </param>
          </params>
          <reporter-output>
          </reporter-output>
        </test-method> <!-- setUp -->
        <test-method signature="loginExcelTest(com.ui.pojo.Users)[pri:0, instance:com.ui.tests.LoginTest@158a3b2e]" started-at="2026-05-02T14:47:41 IST" name="loginExcelTest" description="Verify valid user able to login to the application using excel" data-provider="loginTestExcelDataProvider" finished-at="2026-05-02T14:47:43 IST" duration-ms="2717" status="PASS">
          <params>
            <param index="0">
              <value>
                <![CDATA[Users [email=yatese2929@mugstock.com, password=nithin@123]]]>
              </value>
            </param>
          </params>
          <reporter-output>
          </reporter-output>
        </test-method> <!-- loginExcelTest -->
        <test-method is-config="true" signature="tearDown()[pri:0, instance:com.ui.tests.LoginTest@158a3b2e]" started-at="2026-05-02T14:47:44 IST" name="tearDown" description="Tear down the browser" finished-at="2026-05-02T14:47:53 IST" duration-ms="9030" status="PASS">
          <reporter-output>
          </reporter-output>
        </test-method> <!-- tearDown -->
        <test-method is-config="true" signature="setUp(java.lang.String,boolean,boolean,org.testng.ITestResult)[pri:0, instance:com.ui.tests.LoginTest@158a3b2e]" started-at="2026-05-02T14:47:53 IST" name="setUp" description="Loads the Home Page of the Website" finished-at="2026-05-02T14:47:54 IST" duration-ms="1680" status="PASS">
          <params>
            <param index="0">
              <value>
                <![CDATA[${browser}]]>
              </value>
            </param>
            <param index="1">
              <value>
                <![CDATA[false]]>
              </value>
            </param>
            <param index="2">
              <value>
                <![CDATA[false]]>
              </value>
            </param>
            <param index="3">
              <value>
                <![CDATA[[TestResult name={null} status=CREATED method=LoginTest.loginExcelTest(com.ui.pojo.Users)[pri:0, instance:com.ui.tests.LoginTest@158a3b2e] output={null}]]]>
              </value>
            </param>
          </params>
          <reporter-output>
          </reporter-output>
        </test-method> <!-- setUp -->
        <test-method signature="loginExcelTest(com.ui.pojo.Users)[pri:0, instance:com.ui.tests.LoginTest@158a3b2e]" started-at="2026-05-02T14:47:54 IST" name="loginExcelTest" description="Verify valid user able to login to the application using excel" data-provider="loginTestExcelDataProvider" finished-at="2026-05-02T14:47:55 IST" duration-ms="1117" status="PASS">
          <params>
            <param index="0">
              <value>
                <![CDATA[Users [email=yatese2929@mugstock.com, password=nithin@123]]]>
              </value>
            </param>
          </params>
          <reporter-output>
          </reporter-output>
        </test-method> <!-- loginExcelTest -->
        <test-method is-config="true" signature="tearDown()[pri:0, instance:com.ui.tests.LoginTest@158a3b2e]" started-at="2026-05-02T14:47:55 IST" name="tearDown" description="Tear down the browser" finished-at="2026-05-02T14:47:56 IST" duration-ms="220" status="PASS">
          <reporter-output>
          </reporter-output>
        </test-method> <!-- tearDown -->
      </class> <!-- com.ui.tests.LoginTest -->
    </test> <!-- Automation Test -->
  </suite> <!-- Automation Suite -->
</testng-results>
